Mon Aug 05 19:48:42 +0000 2024 - Executing "{openroad -exit -no_init -python /openlane/scripts/odbpy/lefutil.py get_metal_layers -o /openlane/designs/picorv32a/runs/RUN_2024.08.05_19.48.42/tmp/layers.list /Users/akhilvarma/.volare/sky130A/libs.ref/sky130_fd_sc_hd/techlef/sky130_fd_sc_hd__nom.tlef}"

Mon Aug 05 19:48:42 +0000 2024 - Executing "{/openlane/scripts/mergeLef.py -o /openlane/designs/picorv32a/runs/RUN_2024.08.05_19.48.42/tmp/merged.nom.lef -i /Users/akhilvarma/.volare/sky130A/libs.ref/sky130_fd_sc_hd/techlef/sky130_fd_sc_hd__nom.tlef {/Users/akhilvarma/.volare/sky130A/libs.ref/sky130_fd_sc_hd/lef/sky130_ef_sc_hd.lef /Users/akhilvarma/.volare/sky130A/libs.ref/sky130_fd_sc_hd/lef/sky130_fd_sc_hd.lef} |& tee /dev/null}"

Mon Aug 05 19:48:42 +0000 2024 - Executing "{/openlane/scripts/mergeLef.py -o /openlane/designs/picorv32a/runs/RUN_2024.08.05_19.48.42/tmp/merged.min.lef -i /Users/akhilvarma/.volare/sky130A/libs.ref/sky130_fd_sc_hd/techlef/sky130_fd_sc_hd__min.tlef {/Users/akhilvarma/.volare/sky130A/libs.ref/sky130_fd_sc_hd/lef/sky130_ef_sc_hd.lef /Users/akhilvarma/.volare/sky130A/libs.ref/sky130_fd_sc_hd/lef/sky130_fd_sc_hd.lef} |& tee /dev/null}"

Mon Aug 05 19:48:42 +0000 2024 - Executing "{/openlane/scripts/mergeLef.py -o /openlane/designs/picorv32a/runs/RUN_2024.08.05_19.48.42/tmp/merged.max.lef -i /Users/akhilvarma/.volare/sky130A/libs.ref/sky130_fd_sc_hd/techlef/sky130_fd_sc_hd__max.tlef {/Users/akhilvarma/.volare/sky130A/libs.ref/sky130_fd_sc_hd/lef/sky130_ef_sc_hd.lef /Users/akhilvarma/.volare/sky130A/libs.ref/sky130_fd_sc_hd/lef/sky130_fd_sc_hd.lef} |& tee /dev/null}"

Mon Aug 05 19:48:43 +0000 2024 - Executing "{python3 /openlane/scripts/mergeLib.py --output /openlane/designs/picorv32a/runs/RUN_2024.08.05_19.48.42/tmp/synthesis/merged.lib --name sky130A_merged /Users/akhilvarma/.volare/sky130A/libs.ref/sky130_fd_sc_hd/lib/sky130_fd_sc_hd__tt_025C_1v80.lib}"

Mon Aug 05 19:48:43 +0000 2024 - Executing "{python3 /openlane/scripts/libtrim.py --cell-file /openlane/designs/picorv32a/runs/RUN_2024.08.05_19.48.42/tmp/synthesis/trimmed.lib.exclude.list --output /openlane/designs/picorv32a/runs/RUN_2024.08.05_19.48.42/tmp/synthesis/trimmed.lib /openlane/designs/picorv32a/runs/RUN_2024.08.05_19.48.42/tmp/synthesis/merged.lib}"

Mon Aug 05 19:48:43 +0000 2024 - Executing "{python3 /openlane/scripts/libtrim.py --cell-file /openlane/designs/picorv32a/runs/RUN_2024.08.05_19.48.42/tmp/cts/cts.lib.exclude.list --output /openlane/designs/picorv32a/runs/RUN_2024.08.05_19.48.42/tmp/cts/cts.lib /Users/akhilvarma/.volare/sky130A/libs.ref/sky130_fd_sc_hd/lib/sky130_fd_sc_hd__tt_025C_1v80.lib}"

Mon Aug 05 19:48:43 +0000 2024 - Executing "{python3 /openlane/scripts/libtrim.py --cell-file /openlane/designs/picorv32a/runs/RUN_2024.08.05_19.48.42/tmp/cts/cts-fastest.lib.exclude.list --output /openlane/designs/picorv32a/runs/RUN_2024.08.05_19.48.42/tmp/cts/cts-fastest.lib /Users/akhilvarma/.volare/sky130A/libs.ref/sky130_fd_sc_hd/lib/sky130_fd_sc_hd__ff_n40C_1v95.lib}"

Mon Aug 05 19:48:45 +0000 2024 - Executing "{python3 /openlane/scripts/libtrim.py --cell-file /openlane/designs/picorv32a/runs/RUN_2024.08.05_19.48.42/tmp/cts/cts-slowest.lib.exclude.list --output /openlane/designs/picorv32a/runs/RUN_2024.08.05_19.48.42/tmp/cts/cts-slowest.lib /Users/akhilvarma/.volare/sky130A/libs.ref/sky130_fd_sc_hd/lib/sky130_fd_sc_hd__ss_100C_1v60.lib}"

Mon Aug 05 19:48:45 +0000 2024 - Executing "{python3 /openlane/scripts/new_tracks.py -i /Users/akhilvarma/.volare/sky130A/libs.tech/openlane/sky130_fd_sc_hd/tracks.info -o /openlane/designs/picorv32a/runs/RUN_2024.08.05_19.48.42/tmp/routing/config.tracks}"

Mon Aug 05 19:48:45 +0000 2024 - Executing "{echo {OpenLane cdf98f3571ef892d091b6825c5d473bcfbf6e167} > /openlane/designs/picorv32a/runs/RUN_2024.08.05_19.48.42/OPENLANE_VERSION}"

Mon Aug 05 19:48:55 +0000 2024 - Executing "{sed -E {s/^([[:space:]]+)pg_pin(.*)/\1pin\2\n\1    direction : "inout";/g} /Users/akhilvarma/.volare/sky130A/libs.ref/sky130_fd_sc_hd/lib/sky130_fd_sc_hd__tt_025C_1v80.lib > /openlane/designs/picorv32a/runs/RUN_2024.08.05_19.48.42/tmp/synthesis/1-sky130_fd_sc_hd__tt_025C_1v80.no_pg.lib}"

Mon Aug 05 19:48:55 +0000 2024 - Executing "{sed -E {s/^([[:space:]]+)pg_pin(.*)/\1pin\2\n\1    direction : "inout";/g} /openlane/designs/picorv32a/runs/RUN_2024.08.05_19.48.42/tmp/synthesis/trimmed.lib > /openlane/designs/picorv32a/runs/RUN_2024.08.05_19.48.42/tmp/synthesis/1-trimmed.no_pg.lib}"

Mon Aug 05 19:48:55 +0000 2024 - Executing "yosys -c /openlane/scripts/yosys/synth.tcl |& tee /dev/null /openlane/designs/picorv32a/runs/RUN_2024.08.05_19.48.42/logs/synthesis/1-synthesis.log"

Mon Aug 05 19:48:55 +0000 2024 - Executing "{yosys -c /openlane/scripts/yosys/synth.tcl |& tee /dev/null /openlane/designs/picorv32a/runs/RUN_2024.08.05_19.48.42/logs/synthesis/1-synthesis.log}"

Mon Aug 05 19:49:26 +0000 2024 - Executing "{sed -i.bak -e {s/\(set ::env(CURRENT_NETLIST)\).*/\1 \/openlane\/designs\/picorv32a\/runs\/RUN_2024.08.05_19.48.42\/results\/synthesis\/picorv32a.v/} /openlane/designs/picorv32a/runs/RUN_2024.08.05_19.48.42/config.tcl}"

Mon Aug 05 19:49:26 +0000 2024 - Executing "{sed -i.bak /defparam/d /openlane/designs/picorv32a/runs/RUN_2024.08.05_19.48.42/results/synthesis/picorv32a.v}"

Mon Aug 05 19:49:26 +0000 2024 - Executing "sta -exit -no_init /openlane/scripts/openroad/sta/multi_corner.tcl |& tee /dev/null /openlane/designs/picorv32a/runs/RUN_2024.08.05_19.48.42/logs/synthesis/2-sta.log"

Mon Aug 05 19:49:26 +0000 2024 - Executing "{sta -exit -no_init /openlane/scripts/openroad/sta/multi_corner.tcl |& tee /dev/null /openlane/designs/picorv32a/runs/RUN_2024.08.05_19.48.42/logs/synthesis/2-sta.log}"

Mon Aug 05 19:49:51 +0000 2024 - Executing "openroad -exit /openlane/scripts/openroad/floorplan.tcl |& tee /dev/null /openlane/designs/picorv32a/runs/RUN_2024.08.05_19.48.42/logs/floorplan/3-initial_fp.log"

Mon Aug 05 19:49:51 +0000 2024 - Executing "{openroad -exit /openlane/scripts/openroad/floorplan.tcl |& tee /dev/null /openlane/designs/picorv32a/runs/RUN_2024.08.05_19.48.42/logs/floorplan/3-initial_fp.log}"

Mon Aug 05 19:49:52 +0000 2024 - Executing "{openroad -exit -no_init -python /openlane/scripts/odbpy/defutil.py extract_core_dims --output-data /openlane/designs/picorv32a/runs/RUN_2024.08.05_19.48.42/tmp/dimensions.txt --input-lef /openlane/designs/picorv32a/runs/RUN_2024.08.05_19.48.42/tmp/merged.nom.lef /openlane/designs/picorv32a/runs/RUN_2024.08.05_19.48.42/tmp/floorplan/3-initial_fp.def}"

Mon Aug 05 19:49:53 +0000 2024 - Executing "openroad -exit /openlane/scripts/openroad/ioplacer.tcl |& tee /dev/null /openlane/designs/picorv32a/runs/RUN_2024.08.05_19.48.42/logs/floorplan/4-io.log"

Mon Aug 05 19:49:53 +0000 2024 - Executing "{openroad -exit /openlane/scripts/openroad/ioplacer.tcl |& tee /dev/null /openlane/designs/picorv32a/runs/RUN_2024.08.05_19.48.42/logs/floorplan/4-io.log}"

Mon Aug 05 19:49:54 +0000 2024 - Executing "openroad -exit /openlane/scripts/openroad/tapcell.tcl |& tee /dev/null /openlane/designs/picorv32a/runs/RUN_2024.08.05_19.48.42/logs/floorplan/5-tap.log"

Mon Aug 05 19:49:54 +0000 2024 - Executing "{openroad -exit /openlane/scripts/openroad/tapcell.tcl |& tee /dev/null /openlane/designs/picorv32a/runs/RUN_2024.08.05_19.48.42/logs/floorplan/5-tap.log}"

Mon Aug 05 19:49:55 +0000 2024 - Executing "openroad -exit /openlane/scripts/openroad/pdn.tcl |& tee /dev/null /openlane/designs/picorv32a/runs/RUN_2024.08.05_19.48.42/logs/floorplan/6-pdn.log"

Mon Aug 05 19:49:55 +0000 2024 - Executing "{openroad -exit /openlane/scripts/openroad/pdn.tcl |& tee /dev/null /openlane/designs/picorv32a/runs/RUN_2024.08.05_19.48.42/logs/floorplan/6-pdn.log}"

Mon Aug 05 19:50:02 +0000 2024 - Executing "openroad -exit /openlane/scripts/openroad/floorplan.tcl |& tee /dev/null /openlane/designs/picorv32a/runs/RUN_2024.08.05_19.48.42/logs/floorplan/7-initial_fp.log"

Mon Aug 05 19:50:02 +0000 2024 - Executing "{openroad -exit /openlane/scripts/openroad/floorplan.tcl |& tee /dev/null /openlane/designs/picorv32a/runs/RUN_2024.08.05_19.48.42/logs/floorplan/7-initial_fp.log}"

Mon Aug 05 19:50:03 +0000 2024 - Executing "{openroad -exit -no_init -python /openlane/scripts/odbpy/defutil.py extract_core_dims --output-data /openlane/designs/picorv32a/runs/RUN_2024.08.05_19.48.42/tmp/dimensions.txt --input-lef /openlane/designs/picorv32a/runs/RUN_2024.08.05_19.48.42/tmp/merged.nom.lef /openlane/designs/picorv32a/runs/RUN_2024.08.05_19.48.42/tmp/floorplan/7-initial_fp.def}"

Mon Aug 05 19:50:04 +0000 2024 - Executing "openroad -exit /openlane/scripts/openroad/ioplacer.tcl |& tee /dev/null /openlane/designs/picorv32a/runs/RUN_2024.08.05_19.48.42/logs/floorplan/8-io.log"

Mon Aug 05 19:50:04 +0000 2024 - Executing "{openroad -exit /openlane/scripts/openroad/ioplacer.tcl |& tee /dev/null /openlane/designs/picorv32a/runs/RUN_2024.08.05_19.48.42/logs/floorplan/8-io.log}"

Mon Aug 05 19:50:05 +0000 2024 - Executing "openroad -exit /openlane/scripts/openroad/tapcell.tcl |& tee /dev/null /openlane/designs/picorv32a/runs/RUN_2024.08.05_19.48.42/logs/floorplan/9-tap.log"

Mon Aug 05 19:50:05 +0000 2024 - Executing "{openroad -exit /openlane/scripts/openroad/tapcell.tcl |& tee /dev/null /openlane/designs/picorv32a/runs/RUN_2024.08.05_19.48.42/logs/floorplan/9-tap.log}"

Mon Aug 05 19:50:06 +0000 2024 - Executing "openroad -exit /openlane/scripts/openroad/pdn.tcl |& tee /dev/null /openlane/designs/picorv32a/runs/RUN_2024.08.05_19.48.42/logs/floorplan/10-pdn.log"

Mon Aug 05 19:50:06 +0000 2024 - Executing "{openroad -exit /openlane/scripts/openroad/pdn.tcl |& tee /dev/null /openlane/designs/picorv32a/runs/RUN_2024.08.05_19.48.42/logs/floorplan/10-pdn.log}"

Mon Aug 05 19:50:17 +0000 2024 - Executing "openroad -exit /openlane/scripts/openroad/gpl.tcl |& tee /dev/null /openlane/designs/picorv32a/runs/RUN_2024.08.05_19.48.42/logs/placement/10-global_skip_io.log"

Mon Aug 05 19:50:17 +0000 2024 - Executing "{openroad -exit /openlane/scripts/openroad/gpl.tcl |& tee /dev/null /openlane/designs/picorv32a/runs/RUN_2024.08.05_19.48.42/logs/placement/10-global_skip_io.log}"

Mon Aug 05 19:50:21 +0000 2024 - Executing "{sed -i.bak -e {s/\(set ::env(CURRENT_NETLIST)\).*/\1 \/openlane\/designs\/picorv32a\/runs\/RUN_2024.08.05_19.48.42\/tmp\/placement\/11-global_skip_io.nl.v/} /openlane/designs/picorv32a/runs/RUN_2024.08.05_19.48.42/config.tcl}"

Mon Aug 05 19:50:21 +0000 2024 - Executing "openroad -exit /openlane/scripts/openroad/sta/multi_corner.tcl |& tee /dev/null /openlane/designs/picorv32a/runs/RUN_2024.08.05_19.48.42/logs/placement/12-gpl_sta.log"

Mon Aug 05 19:50:21 +0000 2024 - Executing "{openroad -exit /openlane/scripts/openroad/sta/multi_corner.tcl |& tee /dev/null /openlane/designs/picorv32a/runs/RUN_2024.08.05_19.48.42/logs/placement/12-gpl_sta.log}"

Mon Aug 05 19:50:26 +0000 2024 - Executing "openroad -exit /openlane/scripts/openroad/ioplacer.tcl |& tee /dev/null /openlane/designs/picorv32a/runs/RUN_2024.08.05_19.48.42/logs/placement/13-io.log"

Mon Aug 05 19:50:26 +0000 2024 - Executing "{openroad -exit /openlane/scripts/openroad/ioplacer.tcl |& tee /dev/null /openlane/designs/picorv32a/runs/RUN_2024.08.05_19.48.42/logs/placement/13-io.log}"

Mon Aug 05 19:50:27 +0000 2024 - Executing "openroad -exit /openlane/scripts/openroad/gpl.tcl |& tee /dev/null /openlane/designs/picorv32a/runs/RUN_2024.08.05_19.48.42/logs/placement/13-global.log"

Mon Aug 05 19:50:27 +0000 2024 - Executing "{openroad -exit /openlane/scripts/openroad/gpl.tcl |& tee /dev/null /openlane/designs/picorv32a/runs/RUN_2024.08.05_19.48.42/logs/placement/13-global.log}"

Mon Aug 05 19:50:31 +0000 2024 - Executing "{sed -i.bak -e {s/\(set ::env(CURRENT_NETLIST)\).*/\1 \/openlane\/designs\/picorv32a\/runs\/RUN_2024.08.05_19.48.42\/tmp\/placement\/14-global.nl.v/} /openlane/designs/picorv32a/runs/RUN_2024.08.05_19.48.42/config.tcl}"

Mon Aug 05 19:50:31 +0000 2024 - Executing "openroad -exit /openlane/scripts/openroad/sta/multi_corner.tcl |& tee /dev/null /openlane/designs/picorv32a/runs/RUN_2024.08.05_19.48.42/logs/placement/15-gpl_sta.log"

Mon Aug 05 19:50:31 +0000 2024 - Executing "{openroad -exit /openlane/scripts/openroad/sta/multi_corner.tcl |& tee /dev/null /openlane/designs/picorv32a/runs/RUN_2024.08.05_19.48.42/logs/placement/15-gpl_sta.log}"

Mon Aug 05 19:50:36 +0000 2024 - Executing "openroad -exit /openlane/scripts/openroad/resizer.tcl |& tee /dev/null /openlane/designs/picorv32a/runs/RUN_2024.08.05_19.48.42/logs/placement/16-resizer.log"

Mon Aug 05 19:50:36 +0000 2024 - Executing "{openroad -exit /openlane/scripts/openroad/resizer.tcl |& tee /dev/null /openlane/designs/picorv32a/runs/RUN_2024.08.05_19.48.42/logs/placement/16-resizer.log}"

Mon Aug 05 19:50:50 +0000 2024 - Executing "{sed -i.bak -e {s/\(set ::env(CURRENT_NETLIST)\).*/\1 \/openlane\/designs\/picorv32a\/runs\/RUN_2024.08.05_19.48.42\/tmp\/placement\/16-resizer.nl.v/} /openlane/designs/picorv32a/runs/RUN_2024.08.05_19.48.42/config.tcl}"

Mon Aug 05 19:50:50 +0000 2024 - Executing "openroad -exit /openlane/scripts/openroad/dpl.tcl |& tee /dev/null /openlane/designs/picorv32a/runs/RUN_2024.08.05_19.48.42/logs/placement/17-detailed.log"

Mon Aug 05 19:50:50 +0000 2024 - Executing "{openroad -exit /openlane/scripts/openroad/dpl.tcl |& tee /dev/null /openlane/designs/picorv32a/runs/RUN_2024.08.05_19.48.42/logs/placement/17-detailed.log}"

Mon Aug 05 19:50:51 +0000 2024 - Executing "{sed -i.bak -e {s/\(set ::env(CURRENT_NETLIST)\).*/\1 \/openlane\/designs\/picorv32a\/runs\/RUN_2024.08.05_19.48.42\/results\/placement\/picorv32a.nl.v/} /openlane/designs/picorv32a/runs/RUN_2024.08.05_19.48.42/config.tcl}"

Mon Aug 05 19:50:52 +0000 2024 - Executing "openroad -exit /openlane/scripts/openroad/sta/multi_corner.tcl |& tee /dev/null /openlane/designs/picorv32a/runs/RUN_2024.08.05_19.48.42/logs/placement/18-dpl_sta.log"

Mon Aug 05 19:50:52 +0000 2024 - Executing "{openroad -exit /openlane/scripts/openroad/sta/multi_corner.tcl |& tee /dev/null /openlane/designs/picorv32a/runs/RUN_2024.08.05_19.48.42/logs/placement/18-dpl_sta.log}"

Mon Aug 05 19:54:05 +0000 2024 - Executing "openroad -exit /openlane/scripts/openroad/cts.tcl |& tee /dev/null /openlane/designs/picorv32a/runs/RUN_2024.08.05_19.48.42/logs/cts/19-cts.log"

Mon Aug 05 19:54:05 +0000 2024 - Executing "{openroad -exit /openlane/scripts/openroad/cts.tcl |& tee /dev/null /openlane/designs/picorv32a/runs/RUN_2024.08.05_19.48.42/logs/cts/19-cts.log}"

Mon Aug 05 19:54:22 +0000 2024 - Executing "openroad -exit /openlane/scripts/openroad/sta/multi_corner.tcl |& tee /dev/null /openlane/designs/picorv32a/runs/RUN_2024.08.05_19.48.42/logs/cts/20-cts_sta.log"

Mon Aug 05 19:54:22 +0000 2024 - Executing "{openroad -exit /openlane/scripts/openroad/sta/multi_corner.tcl |& tee /dev/null /openlane/designs/picorv32a/runs/RUN_2024.08.05_19.48.42/logs/cts/20-cts_sta.log}"

Mon Aug 05 19:55:15 +0000 2024 - Executing "openroad -exit /openlane/scripts/openroad/pdn.tcl |& tee /dev/null /openlane/designs/picorv32a/runs/RUN_2024.08.05_19.48.42/logs/floorplan/21-pdn.log"

Mon Aug 05 19:55:15 +0000 2024 - Executing "{openroad -exit /openlane/scripts/openroad/pdn.tcl |& tee /dev/null /openlane/designs/picorv32a/runs/RUN_2024.08.05_19.48.42/logs/floorplan/21-pdn.log}"

Mon Aug 05 19:55:40 +0000 2024 - Executing "openroad -exit /openlane/scripts/openroad/resizer_routing_design.tcl |& tee /dev/null /openlane/designs/picorv32a/runs/RUN_2024.08.05_19.48.42/logs/routing/22-resizer_design.log"

Mon Aug 05 19:55:40 +0000 2024 - Executing "{openroad -exit /openlane/scripts/openroad/resizer_routing_design.tcl |& tee /dev/null /openlane/designs/picorv32a/runs/RUN_2024.08.05_19.48.42/logs/routing/22-resizer_design.log}"

Mon Aug 05 19:55:58 +0000 2024 - Executing "{sed -i.bak -e {s/\(set ::env(CURRENT_NETLIST)\).*/\1 \/openlane\/designs\/picorv32a\/runs\/RUN_2024.08.05_19.48.42\/tmp\/22-picorv32a.nl.v/} /openlane/designs/picorv32a/runs/RUN_2024.08.05_19.48.42/config.tcl}"

Mon Aug 05 19:55:58 +0000 2024 - Executing "openroad -exit /openlane/scripts/openroad/sta/multi_corner.tcl |& tee /dev/null /openlane/designs/picorv32a/runs/RUN_2024.08.05_19.48.42/logs/routing/23-rsz_design_sta.log"

Mon Aug 05 19:55:58 +0000 2024 - Executing "{openroad -exit /openlane/scripts/openroad/sta/multi_corner.tcl |& tee /dev/null /openlane/designs/picorv32a/runs/RUN_2024.08.05_19.48.42/logs/routing/23-rsz_design_sta.log}"

Mon Aug 05 19:56:05 +0000 2024 - Executing "openroad -exit /openlane/scripts/openroad/resizer_routing_timing.tcl |& tee /dev/null /openlane/designs/picorv32a/runs/RUN_2024.08.05_19.48.42/logs/routing/24-resizer_timing.log"

Mon Aug 05 19:56:05 +0000 2024 - Executing "{openroad -exit /openlane/scripts/openroad/resizer_routing_timing.tcl |& tee /dev/null /openlane/designs/picorv32a/runs/RUN_2024.08.05_19.48.42/logs/routing/24-resizer_timing.log}"

Mon Aug 05 19:56:22 +0000 2024 - Executing "{sed -i.bak -e {s/\(set ::env(CURRENT_NETLIST)\).*/\1 \/openlane\/designs\/picorv32a\/runs\/RUN_2024.08.05_19.48.42\/tmp\/24-picorv32a.nl.v/} /openlane/designs/picorv32a/runs/RUN_2024.08.05_19.48.42/config.tcl}"

Mon Aug 05 19:56:22 +0000 2024 - Executing "openroad -exit /openlane/scripts/openroad/sta/multi_corner.tcl |& tee /dev/null /openlane/designs/picorv32a/runs/RUN_2024.08.05_19.48.42/logs/routing/25-rsz_timing_sta.log"

Mon Aug 05 19:56:22 +0000 2024 - Executing "{openroad -exit /openlane/scripts/openroad/sta/multi_corner.tcl |& tee /dev/null /openlane/designs/picorv32a/runs/RUN_2024.08.05_19.48.42/logs/routing/25-rsz_timing_sta.log}"

Mon Aug 05 19:56:29 +0000 2024 - Executing "openroad -exit /openlane/scripts/openroad/repair_antennas.tcl |& tee /dev/null /openlane/designs/picorv32a/runs/RUN_2024.08.05_19.48.42/logs/routing/26-global.log"

Mon Aug 05 19:56:29 +0000 2024 - Executing "{openroad -exit /openlane/scripts/openroad/repair_antennas.tcl |& tee /dev/null /openlane/designs/picorv32a/runs/RUN_2024.08.05_19.48.42/logs/routing/26-global.log}"

Mon Aug 05 19:56:40 +0000 2024 - Executing "openroad -exit /openlane/scripts/openroad/write_views.tcl |& tee /dev/null /openlane/designs/picorv32a/runs/RUN_2024.08.05_19.48.42/logs/routing/26-global_write_netlist.log"

Mon Aug 05 19:56:40 +0000 2024 - Executing "{openroad -exit /openlane/scripts/openroad/write_views.tcl |& tee /dev/null /openlane/designs/picorv32a/runs/RUN_2024.08.05_19.48.42/logs/routing/26-global_write_netlist.log}"

Mon Aug 05 19:56:41 +0000 2024 - Executing "{sed -i.bak -e {s/\(set ::env(CURRENT_NETLIST)\).*/\1 \/openlane\/designs\/picorv32a\/runs\/RUN_2024.08.05_19.48.42\/tmp\/routing\/global.nl.v/} /openlane/designs/picorv32a/runs/RUN_2024.08.05_19.48.42/config.tcl}"

Mon Aug 05 19:56:42 +0000 2024 - Executing "openroad -exit /openlane/scripts/openroad/sta/multi_corner.tcl |& tee /dev/null /openlane/designs/picorv32a/runs/RUN_2024.08.05_19.48.42/logs/routing/28-grt_sta.log"

Mon Aug 05 19:56:42 +0000 2024 - Executing "{openroad -exit /openlane/scripts/openroad/sta/multi_corner.tcl |& tee /dev/null /openlane/designs/picorv32a/runs/RUN_2024.08.05_19.48.42/logs/routing/28-grt_sta.log}"

Mon Aug 05 19:56:46 +0000 2024 - Executing "openroad -exit /openlane/scripts/openroad/fill.tcl |& tee /dev/null /openlane/designs/picorv32a/runs/RUN_2024.08.05_19.48.42/logs/routing/29-fill.log"

Mon Aug 05 19:56:46 +0000 2024 - Executing "{openroad -exit /openlane/scripts/openroad/fill.tcl |& tee /dev/null /openlane/designs/picorv32a/runs/RUN_2024.08.05_19.48.42/logs/routing/29-fill.log}"

Mon Aug 05 19:56:48 +0000 2024 - Executing "{sed -i.bak -e {s/\(set ::env(CURRENT_NETLIST)\).*/\1 \/openlane\/designs\/picorv32a\/runs\/RUN_2024.08.05_19.48.42\/tmp\/routing\/29-fill.nl.v/} /openlane/designs/picorv32a/runs/RUN_2024.08.05_19.48.42/config.tcl}"

Mon Aug 05 19:56:48 +0000 2024 - Executing "openroad -exit -metrics /openlane/designs/picorv32a/runs/RUN_2024.08.05_19.48.42/reports/routing/30-drt_metrics.json /openlane/scripts/openroad/droute.tcl |& tee /dev/null /openlane/designs/picorv32a/runs/RUN_2024.08.05_19.48.42/logs/routing/30-detailed.log"

Mon Aug 05 19:56:48 +0000 2024 - Executing "{openroad -exit -metrics /openlane/designs/picorv32a/runs/RUN_2024.08.05_19.48.42/reports/routing/30-drt_metrics.json /openlane/scripts/openroad/droute.tcl |& tee /dev/null /openlane/designs/picorv32a/runs/RUN_2024.08.05_19.48.42/logs/routing/30-detailed.log}"

Mon Aug 05 20:09:35 +0000 2024 - Executing "{sed -i.bak -e {s/\(set ::env(CURRENT_NETLIST)\).*/\1 \/openlane\/designs\/picorv32a\/runs\/RUN_2024.08.05_19.48.42\/results\/routing\/picorv32a.nl.v/} /openlane/designs/picorv32a/runs/RUN_2024.08.05_19.48.42/config.tcl}"

Mon Aug 05 20:09:35 +0000 2024 - Executing "{python3 /openlane/scripts/drc_rosetta.py tr to_klayout -o /openlane/designs/picorv32a/runs/RUN_2024.08.05_19.48.42/reports/routing/drt.klayout.xml --design-name picorv32a /openlane/designs/picorv32a/runs/RUN_2024.08.05_19.48.42/reports/routing/drt.drc}"

Mon Aug 05 20:09:35 +0000 2024 - Executing "{openroad -exit -no_init -python /openlane/scripts/odbpy/wire_lengths.py --report-out /openlane/designs/picorv32a/runs/RUN_2024.08.05_19.48.42/reports/routing/31-wire_lengths.csv --input-lef /openlane/designs/picorv32a/runs/RUN_2024.08.05_19.48.42/tmp/merged.nom.lef --output-def /openlane/designs/picorv32a/runs/RUN_2024.08.05_19.48.42/results/routing/picorv32a.def --output /openlane/designs/picorv32a/runs/RUN_2024.08.05_19.48.42/results/routing/picorv32a.odb /openlane/designs/picorv32a/runs/RUN_2024.08.05_19.48.42/results/routing/picorv32a.odb |& tee /dev/null /openlane/designs/picorv32a/runs/RUN_2024.08.05_19.48.42/logs/routing/31-wire_lengths.log}"

Mon Aug 05 20:14:07 +0000 2024 - Executing "magic -noconsole -dnull -rcfile /Users/akhilvarma/.volare/sky130A/libs.tech/magic/sky130A.magicrc < /openlane/scripts/magic/wrapper.tcl |& tee /dev/null /openlane/designs/picorv32a/runs/RUN_2024.08.05_19.48.42/logs/signoff/32-gdsii.log"

Mon Aug 05 20:14:07 +0000 2024 - Executing "{magic -noconsole -dnull -rcfile /Users/akhilvarma/.volare/sky130A/libs.tech/magic/sky130A.magicrc < /openlane/scripts/magic/wrapper.tcl |& tee /dev/null /openlane/designs/picorv32a/runs/RUN_2024.08.05_19.48.42/logs/signoff/32-gdsii.log}"

Mon Aug 05 20:14:17 +0000 2024 - Executing "magic -noconsole -dnull -rcfile /Users/akhilvarma/.volare/sky130A/libs.tech/magic/sky130A.magicrc < /openlane/scripts/magic/wrapper.tcl |& tee /dev/null /openlane/designs/picorv32a/runs/RUN_2024.08.05_19.48.42/logs/signoff/32-gds_ptrs.log"

Mon Aug 05 20:14:17 +0000 2024 - Executing "{magic -noconsole -dnull -rcfile /Users/akhilvarma/.volare/sky130A/libs.tech/magic/sky130A.magicrc < /openlane/scripts/magic/wrapper.tcl |& tee /dev/null /openlane/designs/picorv32a/runs/RUN_2024.08.05_19.48.42/logs/signoff/32-gds_ptrs.log}"

Mon Aug 05 20:14:25 +0000 2024 - Executing "{sed -i.bak -n {/^<< properties >>/,/^<< end >>/p} /openlane/designs/picorv32a/runs/RUN_2024.08.05_19.48.42/tmp/signoff/gds_ptrs.mag}"

Mon Aug 05 20:14:26 +0000 2024 - Executing "magic -noconsole -dnull -rcfile /Users/akhilvarma/.volare/sky130A/libs.tech/magic/sky130A.magicrc < /openlane/scripts/magic/wrapper.tcl |& tee /dev/null /openlane/designs/picorv32a/runs/RUN_2024.08.05_19.48.42/logs/signoff/32-lef.log"

Mon Aug 05 20:14:26 +0000 2024 - Executing "{magic -noconsole -dnull -rcfile /Users/akhilvarma/.volare/sky130A/libs.tech/magic/sky130A.magicrc < /openlane/scripts/magic/wrapper.tcl |& tee /dev/null /openlane/designs/picorv32a/runs/RUN_2024.08.05_19.48.42/logs/signoff/32-lef.log}"

Mon Aug 05 20:14:41 +0000 2024 - Executing "magic -noconsole -dnull -rcfile /Users/akhilvarma/.volare/sky130A/libs.tech/magic/sky130A.magicrc < /openlane/scripts/magic/wrapper.tcl |& tee /dev/null /openlane/designs/picorv32a/runs/RUN_2024.08.05_19.48.42/logs/signoff/32-maglef.log"

Mon Aug 05 20:14:41 +0000 2024 - Executing "{magic -noconsole -dnull -rcfile /Users/akhilvarma/.volare/sky130A/libs.tech/magic/sky130A.magicrc < /openlane/scripts/magic/wrapper.tcl |& tee /dev/null /openlane/designs/picorv32a/runs/RUN_2024.08.05_19.48.42/logs/signoff/32-maglef.log}"

Mon Aug 05 20:15:29 +0000 2024 - Executing "magic -noconsole -dnull -rcfile /Users/akhilvarma/.volare/sky130A/libs.tech/magic/sky130A.magicrc < /openlane/scripts/magic/wrapper.tcl |& tee /dev/null /openlane/designs/picorv32a/runs/RUN_2024.08.05_19.48.42/logs/signoff/33-spice.log"

Mon Aug 05 20:15:29 +0000 2024 - Executing "{magic -noconsole -dnull -rcfile /Users/akhilvarma/.volare/sky130A/libs.tech/magic/sky130A.magicrc < /openlane/scripts/magic/wrapper.tcl |& tee /dev/null /openlane/designs/picorv32a/runs/RUN_2024.08.05_19.48.42/logs/signoff/33-spice.log}"

Mon Aug 05 20:17:20 +0000 2024 - Executing "magic -noconsole -dnull -rcfile /Users/akhilvarma/.volare/sky130A/libs.tech/magic/sky130A.magicrc < /openlane/scripts/magic/wrapper.tcl |& tee /dev/null /openlane/designs/picorv32a/runs/RUN_2024.08.05_19.48.42/logs/signoff/34-drc.log"

Mon Aug 05 20:17:20 +0000 2024 - Executing "{magic -noconsole -dnull -rcfile /Users/akhilvarma/.volare/sky130A/libs.tech/magic/sky130A.magicrc < /openlane/scripts/magic/wrapper.tcl |& tee /dev/null /openlane/designs/picorv32a/runs/RUN_2024.08.05_19.48.42/logs/signoff/34-drc.log}"

Mon Aug 05 20:20:04 +0000 2024 - Executing "{python3 /openlane/scripts/drc_rosetta.py magic to_tcl -o /openlane/designs/picorv32a/runs/RUN_2024.08.05_19.48.42/reports/signoff/drc.tcl /openlane/designs/picorv32a/runs/RUN_2024.08.05_19.48.42/reports/signoff/drc.rpt}"

Mon Aug 05 20:20:04 +0000 2024 - Executing "{python3 /openlane/scripts/drc_rosetta.py magic to_tr -o /openlane/designs/picorv32a/runs/RUN_2024.08.05_19.48.42/reports/signoff/drc.tr /openlane/designs/picorv32a/runs/RUN_2024.08.05_19.48.42/reports/signoff/drc.rpt}"

Mon Aug 05 20:20:04 +0000 2024 - Executing "{python3 /openlane/scripts/drc_rosetta.py tr to_klayout -o /openlane/designs/picorv32a/runs/RUN_2024.08.05_19.48.42/reports/signoff/drc.klayout.xml --design-name picorv32a /openlane/designs/picorv32a/runs/RUN_2024.08.05_19.48.42/reports/signoff/drc.tr}"

Mon Aug 05 20:20:04 +0000 2024 - Executing "{python3 /openlane/scripts/drc_rosetta.py magic to_rdb -o /openlane/designs/picorv32a/runs/RUN_2024.08.05_19.48.42/reports/signoff/drc.rdb /openlane/designs/picorv32a/runs/RUN_2024.08.05_19.48.42/reports/signoff/drc.rpt}"

Mon Aug 05 20:20:11 +0000 2024 - Executing "{openroad -exit -no_init -python /openlane/scripts/odbpy/power_utils.py write_powered_def --output /openlane/designs/picorv32a/runs/RUN_2024.08.05_19.48.42/tmp/signoff/34-picorv32a.p.def --input-lef /openlane/designs/picorv32a/runs/RUN_2024.08.05_19.48.42/tmp/merged.nom.lef --power-port VPWR --ground-port VGND --powered-netlist {} /openlane/designs/picorv32a/runs/RUN_2024.08.05_19.48.42/results/routing/picorv32a.def |& tee /dev/null /openlane/designs/picorv32a/runs/RUN_2024.08.05_19.48.42/logs/signoff/35-write_powered_def.log}"

Mon Aug 05 20:20:14 +0000 2024 - Executing "openroad -exit /openlane/scripts/openroad/write_views.tcl |& tee /dev/null /openlane/designs/picorv32a/runs/RUN_2024.08.05_19.48.42/logs/signoff/35-write_powered_verilog.log"

Mon Aug 05 20:20:14 +0000 2024 - Executing "{openroad -exit /openlane/scripts/openroad/write_views.tcl |& tee /dev/null /openlane/designs/picorv32a/runs/RUN_2024.08.05_19.48.42/logs/signoff/35-write_powered_verilog.log}"

Mon Aug 05 20:20:16 +0000 2024 - Executing "{sed -i.bak -e {s/\(set ::env(CURRENT_NETLIST)\).*/\1 \/openlane\/designs\/picorv32a\/runs\/RUN_2024.08.05_19.48.42\/tmp\/signoff\/34-picorv32a.nl.v/} /openlane/designs/picorv32a/runs/RUN_2024.08.05_19.48.42/config.tcl}"

Mon Aug 05 20:20:16 +0000 2024 - Executing "{netgen -batch source /openlane/designs/picorv32a/runs/RUN_2024.08.05_19.48.42/tmp/signoff/37-setup_file.lef.lvs |& tee /dev/null /openlane/designs/picorv32a/runs/RUN_2024.08.05_19.48.42/logs/signoff/37-lvs.lef.log}"

Mon Aug 05 20:20:40 +0000 2024 - Executing "openroad -exit /openlane/scripts/openroad/antenna_check.tcl |& tee /dev/null /openlane/designs/picorv32a/runs/RUN_2024.08.05_19.48.42/logs/signoff/38-arc.log"

Mon Aug 05 20:20:40 +0000 2024 - Executing "{openroad -exit /openlane/scripts/openroad/antenna_check.tcl |& tee /dev/null /openlane/designs/picorv32a/runs/RUN_2024.08.05_19.48.42/logs/signoff/38-arc.log}"

Mon Aug 05 20:20:43 +0000 2024 - Executing "{python3 /openlane/scripts/extract_antenna_violators.py --output /openlane/designs/picorv32a/runs/RUN_2024.08.05_19.48.42/reports/signoff/38-antenna_violators.rpt --plain-out /openlane/designs/picorv32a/runs/RUN_2024.08.05_19.48.42/reports/signoff/38-antenna_violators_pins.txt /openlane/designs/picorv32a/runs/RUN_2024.08.05_19.48.42/logs/signoff/38-arc.log}"

