Tue Aug 06 17:19:04 +0000 2024 - Executing "{openroad -exit -no_init -python /openlane/scripts/odbpy/lefutil.py get_metal_layers -o /openlane/designs/picorv32a/runs/RUN_2024.08.06_17.19.04/tmp/layers.list /Users/akhilvarma/.volare/sky130A/libs.ref/sky130_fd_sc_hd/techlef/sky130_fd_sc_hd__nom.tlef}"

Tue Aug 06 17:19:05 +0000 2024 - Executing "{/openlane/scripts/mergeLef.py -o /openlane/designs/picorv32a/runs/RUN_2024.08.06_17.19.04/tmp/merged.nom.lef -i /Users/akhilvarma/.volare/sky130A/libs.ref/sky130_fd_sc_hd/techlef/sky130_fd_sc_hd__nom.tlef {/Users/akhilvarma/.volare/sky130A/libs.ref/sky130_fd_sc_hd/lef/sky130_ef_sc_hd.lef /Users/akhilvarma/.volare/sky130A/libs.ref/sky130_fd_sc_hd/lef/sky130_fd_sc_hd.lef} |& tee /dev/null}"

Tue Aug 06 17:19:05 +0000 2024 - Executing "{/openlane/scripts/mergeLef.py -o /openlane/designs/picorv32a/runs/RUN_2024.08.06_17.19.04/tmp/merged.min.lef -i /Users/akhilvarma/.volare/sky130A/libs.ref/sky130_fd_sc_hd/techlef/sky130_fd_sc_hd__min.tlef {/Users/akhilvarma/.volare/sky130A/libs.ref/sky130_fd_sc_hd/lef/sky130_ef_sc_hd.lef /Users/akhilvarma/.volare/sky130A/libs.ref/sky130_fd_sc_hd/lef/sky130_fd_sc_hd.lef} |& tee /dev/null}"

Tue Aug 06 17:19:05 +0000 2024 - Executing "{/openlane/scripts/mergeLef.py -o /openlane/designs/picorv32a/runs/RUN_2024.08.06_17.19.04/tmp/merged.max.lef -i /Users/akhilvarma/.volare/sky130A/libs.ref/sky130_fd_sc_hd/techlef/sky130_fd_sc_hd__max.tlef {/Users/akhilvarma/.volare/sky130A/libs.ref/sky130_fd_sc_hd/lef/sky130_ef_sc_hd.lef /Users/akhilvarma/.volare/sky130A/libs.ref/sky130_fd_sc_hd/lef/sky130_fd_sc_hd.lef} |& tee /dev/null}"

Tue Aug 06 17:19:05 +0000 2024 - Executing "{python3 /openlane/scripts/mergeLib.py --output /openlane/designs/picorv32a/runs/RUN_2024.08.06_17.19.04/tmp/synthesis/merged.lib --name sky130A_merged /Users/akhilvarma/.volare/sky130A/libs.ref/sky130_fd_sc_hd/lib/sky130_fd_sc_hd__tt_025C_1v80.lib}"

Tue Aug 06 17:19:05 +0000 2024 - Executing "{python3 /openlane/scripts/libtrim.py --cell-file /openlane/designs/picorv32a/runs/RUN_2024.08.06_17.19.04/tmp/synthesis/trimmed.lib.exclude.list --output /openlane/designs/picorv32a/runs/RUN_2024.08.06_17.19.04/tmp/synthesis/trimmed.lib /openlane/designs/picorv32a/runs/RUN_2024.08.06_17.19.04/tmp/synthesis/merged.lib}"

Tue Aug 06 17:19:05 +0000 2024 - Executing "{python3 /openlane/scripts/libtrim.py --cell-file /openlane/designs/picorv32a/runs/RUN_2024.08.06_17.19.04/tmp/cts/cts.lib.exclude.list --output /openlane/designs/picorv32a/runs/RUN_2024.08.06_17.19.04/tmp/cts/cts.lib /Users/akhilvarma/.volare/sky130A/libs.ref/sky130_fd_sc_hd/lib/sky130_fd_sc_hd__tt_025C_1v80.lib}"

Tue Aug 06 17:19:06 +0000 2024 - Executing "{python3 /openlane/scripts/libtrim.py --cell-file /openlane/designs/picorv32a/runs/RUN_2024.08.06_17.19.04/tmp/cts/cts-fastest.lib.exclude.list --output /openlane/designs/picorv32a/runs/RUN_2024.08.06_17.19.04/tmp/cts/cts-fastest.lib /Users/akhilvarma/.volare/sky130A/libs.ref/sky130_fd_sc_hd/lib/sky130_fd_sc_hd__ff_n40C_1v95.lib}"

Tue Aug 06 17:19:07 +0000 2024 - Executing "{python3 /openlane/scripts/libtrim.py --cell-file /openlane/designs/picorv32a/runs/RUN_2024.08.06_17.19.04/tmp/cts/cts-slowest.lib.exclude.list --output /openlane/designs/picorv32a/runs/RUN_2024.08.06_17.19.04/tmp/cts/cts-slowest.lib /Users/akhilvarma/.volare/sky130A/libs.ref/sky130_fd_sc_hd/lib/sky130_fd_sc_hd__ss_100C_1v60.lib}"

Tue Aug 06 17:19:08 +0000 2024 - Executing "{python3 /openlane/scripts/new_tracks.py -i /Users/akhilvarma/.volare/sky130A/libs.tech/openlane/sky130_fd_sc_hd/tracks.info -o /openlane/designs/picorv32a/runs/RUN_2024.08.06_17.19.04/tmp/routing/config.tracks}"

Tue Aug 06 17:19:08 +0000 2024 - Executing "{echo {OpenLane cdf98f3571ef892d091b6825c5d473bcfbf6e167} > /openlane/designs/picorv32a/runs/RUN_2024.08.06_17.19.04/OPENLANE_VERSION}"

Tue Aug 06 17:19:13 +0000 2024 - Executing "{sed -E {s/^([[:space:]]+)pg_pin(.*)/\1pin\2\n\1    direction : "inout";/g} /Users/akhilvarma/.volare/sky130A/libs.ref/sky130_fd_sc_hd/lib/sky130_fd_sc_hd__tt_025C_1v80.lib > /openlane/designs/picorv32a/runs/RUN_2024.08.06_17.19.04/tmp/synthesis/1-sky130_fd_sc_hd__tt_025C_1v80.no_pg.lib}"

Tue Aug 06 17:19:13 +0000 2024 - Executing "{sed -E {s/^([[:space:]]+)pg_pin(.*)/\1pin\2\n\1    direction : "inout";/g} /openlane/designs/picorv32a/runs/RUN_2024.08.06_17.19.04/tmp/synthesis/trimmed.lib > /openlane/designs/picorv32a/runs/RUN_2024.08.06_17.19.04/tmp/synthesis/1-trimmed.no_pg.lib}"

Tue Aug 06 17:19:13 +0000 2024 - Executing "yosys -c /openlane/scripts/yosys/synth.tcl |& tee /dev/null /openlane/designs/picorv32a/runs/RUN_2024.08.06_17.19.04/logs/synthesis/1-synthesis.log"

Tue Aug 06 17:19:13 +0000 2024 - Executing "{yosys -c /openlane/scripts/yosys/synth.tcl |& tee /dev/null /openlane/designs/picorv32a/runs/RUN_2024.08.06_17.19.04/logs/synthesis/1-synthesis.log}"

Tue Aug 06 17:19:43 +0000 2024 - Executing "{sed -i.bak -e {s/\(set ::env(CURRENT_NETLIST)\).*/\1 \/openlane\/designs\/picorv32a\/runs\/RUN_2024.08.06_17.19.04\/results\/synthesis\/picorv32a.v/} /openlane/designs/picorv32a/runs/RUN_2024.08.06_17.19.04/config.tcl}"

Tue Aug 06 17:19:43 +0000 2024 - Executing "{sed -i.bak /defparam/d /openlane/designs/picorv32a/runs/RUN_2024.08.06_17.19.04/results/synthesis/picorv32a.v}"

Tue Aug 06 17:19:43 +0000 2024 - Executing "sta -exit -no_init /openlane/scripts/openroad/sta/multi_corner.tcl |& tee /dev/null /openlane/designs/picorv32a/runs/RUN_2024.08.06_17.19.04/logs/synthesis/2-sta.log"

Tue Aug 06 17:19:43 +0000 2024 - Executing "{sta -exit -no_init /openlane/scripts/openroad/sta/multi_corner.tcl |& tee /dev/null /openlane/designs/picorv32a/runs/RUN_2024.08.06_17.19.04/logs/synthesis/2-sta.log}"

Tue Aug 06 17:19:52 +0000 2024 - Executing "openroad -exit /openlane/scripts/openroad/floorplan.tcl |& tee /dev/null /openlane/designs/picorv32a/runs/RUN_2024.08.06_17.19.04/logs/floorplan/3-initial_fp.log"

Tue Aug 06 17:19:52 +0000 2024 - Executing "{openroad -exit /openlane/scripts/openroad/floorplan.tcl |& tee /dev/null /openlane/designs/picorv32a/runs/RUN_2024.08.06_17.19.04/logs/floorplan/3-initial_fp.log}"

Tue Aug 06 17:19:53 +0000 2024 - Executing "{openroad -exit -no_init -python /openlane/scripts/odbpy/defutil.py extract_core_dims --output-data /openlane/designs/picorv32a/runs/RUN_2024.08.06_17.19.04/tmp/dimensions.txt --input-lef /openlane/designs/picorv32a/runs/RUN_2024.08.06_17.19.04/tmp/merged.nom.lef /openlane/designs/picorv32a/runs/RUN_2024.08.06_17.19.04/tmp/floorplan/3-initial_fp.def}"

Tue Aug 06 17:19:54 +0000 2024 - Executing "openroad -exit /openlane/scripts/openroad/ioplacer.tcl |& tee /dev/null /openlane/designs/picorv32a/runs/RUN_2024.08.06_17.19.04/logs/floorplan/4-io.log"

Tue Aug 06 17:19:54 +0000 2024 - Executing "{openroad -exit /openlane/scripts/openroad/ioplacer.tcl |& tee /dev/null /openlane/designs/picorv32a/runs/RUN_2024.08.06_17.19.04/logs/floorplan/4-io.log}"

Tue Aug 06 17:19:55 +0000 2024 - Executing "openroad -exit /openlane/scripts/openroad/tapcell.tcl |& tee /dev/null /openlane/designs/picorv32a/runs/RUN_2024.08.06_17.19.04/logs/floorplan/5-tap.log"

Tue Aug 06 17:19:55 +0000 2024 - Executing "{openroad -exit /openlane/scripts/openroad/tapcell.tcl |& tee /dev/null /openlane/designs/picorv32a/runs/RUN_2024.08.06_17.19.04/logs/floorplan/5-tap.log}"

Tue Aug 06 17:19:56 +0000 2024 - Executing "openroad -exit /openlane/scripts/openroad/pdn.tcl |& tee /dev/null /openlane/designs/picorv32a/runs/RUN_2024.08.06_17.19.04/logs/floorplan/6-pdn.log"

Tue Aug 06 17:19:56 +0000 2024 - Executing "{openroad -exit /openlane/scripts/openroad/pdn.tcl |& tee /dev/null /openlane/designs/picorv32a/runs/RUN_2024.08.06_17.19.04/logs/floorplan/6-pdn.log}"

Tue Aug 06 17:20:03 +0000 2024 - Executing "openroad -exit /openlane/scripts/openroad/gpl.tcl |& tee /dev/null /openlane/designs/picorv32a/runs/RUN_2024.08.06_17.19.04/logs/placement/6-global_skip_io.log"

Tue Aug 06 17:20:03 +0000 2024 - Executing "{openroad -exit /openlane/scripts/openroad/gpl.tcl |& tee /dev/null /openlane/designs/picorv32a/runs/RUN_2024.08.06_17.19.04/logs/placement/6-global_skip_io.log}"

Tue Aug 06 17:20:07 +0000 2024 - Executing "{sed -i.bak -e {s/\(set ::env(CURRENT_NETLIST)\).*/\1 \/openlane\/designs\/picorv32a\/runs\/RUN_2024.08.06_17.19.04\/tmp\/placement\/7-global_skip_io.nl.v/} /openlane/designs/picorv32a/runs/RUN_2024.08.06_17.19.04/config.tcl}"

Tue Aug 06 17:20:07 +0000 2024 - Executing "openroad -exit /openlane/scripts/openroad/sta/multi_corner.tcl |& tee /dev/null /openlane/designs/picorv32a/runs/RUN_2024.08.06_17.19.04/logs/placement/8-gpl_sta.log"

Tue Aug 06 17:20:07 +0000 2024 - Executing "{openroad -exit /openlane/scripts/openroad/sta/multi_corner.tcl |& tee /dev/null /openlane/designs/picorv32a/runs/RUN_2024.08.06_17.19.04/logs/placement/8-gpl_sta.log}"

Tue Aug 06 17:20:12 +0000 2024 - Executing "openroad -exit /openlane/scripts/openroad/ioplacer.tcl |& tee /dev/null /openlane/designs/picorv32a/runs/RUN_2024.08.06_17.19.04/logs/placement/9-io.log"

Tue Aug 06 17:20:12 +0000 2024 - Executing "{openroad -exit /openlane/scripts/openroad/ioplacer.tcl |& tee /dev/null /openlane/designs/picorv32a/runs/RUN_2024.08.06_17.19.04/logs/placement/9-io.log}"

Tue Aug 06 17:20:13 +0000 2024 - Executing "openroad -exit /openlane/scripts/openroad/gpl.tcl |& tee /dev/null /openlane/designs/picorv32a/runs/RUN_2024.08.06_17.19.04/logs/placement/9-global.log"

Tue Aug 06 17:20:13 +0000 2024 - Executing "{openroad -exit /openlane/scripts/openroad/gpl.tcl |& tee /dev/null /openlane/designs/picorv32a/runs/RUN_2024.08.06_17.19.04/logs/placement/9-global.log}"

Tue Aug 06 17:20:17 +0000 2024 - Executing "{sed -i.bak -e {s/\(set ::env(CURRENT_NETLIST)\).*/\1 \/openlane\/designs\/picorv32a\/runs\/RUN_2024.08.06_17.19.04\/tmp\/placement\/10-global.nl.v/} /openlane/designs/picorv32a/runs/RUN_2024.08.06_17.19.04/config.tcl}"

Tue Aug 06 17:20:17 +0000 2024 - Executing "openroad -exit /openlane/scripts/openroad/sta/multi_corner.tcl |& tee /dev/null /openlane/designs/picorv32a/runs/RUN_2024.08.06_17.19.04/logs/placement/11-gpl_sta.log"

Tue Aug 06 17:20:17 +0000 2024 - Executing "{openroad -exit /openlane/scripts/openroad/sta/multi_corner.tcl |& tee /dev/null /openlane/designs/picorv32a/runs/RUN_2024.08.06_17.19.04/logs/placement/11-gpl_sta.log}"

Tue Aug 06 17:20:22 +0000 2024 - Executing "openroad -exit /openlane/scripts/openroad/resizer.tcl |& tee /dev/null /openlane/designs/picorv32a/runs/RUN_2024.08.06_17.19.04/logs/placement/12-resizer.log"

Tue Aug 06 17:20:22 +0000 2024 - Executing "{openroad -exit /openlane/scripts/openroad/resizer.tcl |& tee /dev/null /openlane/designs/picorv32a/runs/RUN_2024.08.06_17.19.04/logs/placement/12-resizer.log}"

Tue Aug 06 17:20:36 +0000 2024 - Executing "{sed -i.bak -e {s/\(set ::env(CURRENT_NETLIST)\).*/\1 \/openlane\/designs\/picorv32a\/runs\/RUN_2024.08.06_17.19.04\/tmp\/placement\/12-resizer.nl.v/} /openlane/designs/picorv32a/runs/RUN_2024.08.06_17.19.04/config.tcl}"

Tue Aug 06 17:20:36 +0000 2024 - Executing "openroad -exit /openlane/scripts/openroad/dpl.tcl |& tee /dev/null /openlane/designs/picorv32a/runs/RUN_2024.08.06_17.19.04/logs/placement/13-detailed.log"

Tue Aug 06 17:20:36 +0000 2024 - Executing "{openroad -exit /openlane/scripts/openroad/dpl.tcl |& tee /dev/null /openlane/designs/picorv32a/runs/RUN_2024.08.06_17.19.04/logs/placement/13-detailed.log}"

Tue Aug 06 17:20:37 +0000 2024 - Executing "{sed -i.bak -e {s/\(set ::env(CURRENT_NETLIST)\).*/\1 \/openlane\/designs\/picorv32a\/runs\/RUN_2024.08.06_17.19.04\/results\/placement\/picorv32a.nl.v/} /openlane/designs/picorv32a/runs/RUN_2024.08.06_17.19.04/config.tcl}"

Tue Aug 06 17:20:38 +0000 2024 - Executing "openroad -exit /openlane/scripts/openroad/sta/multi_corner.tcl |& tee /dev/null /openlane/designs/picorv32a/runs/RUN_2024.08.06_17.19.04/logs/placement/14-dpl_sta.log"

Tue Aug 06 17:20:38 +0000 2024 - Executing "{openroad -exit /openlane/scripts/openroad/sta/multi_corner.tcl |& tee /dev/null /openlane/designs/picorv32a/runs/RUN_2024.08.06_17.19.04/logs/placement/14-dpl_sta.log}"

Tue Aug 06 17:20:55 +0000 2024 - Executing "openroad -exit /openlane/scripts/openroad/cts.tcl |& tee /dev/null /openlane/designs/picorv32a/runs/RUN_2024.08.06_17.19.04/logs/cts/15-cts.log"

Tue Aug 06 17:20:55 +0000 2024 - Executing "{openroad -exit /openlane/scripts/openroad/cts.tcl |& tee /dev/null /openlane/designs/picorv32a/runs/RUN_2024.08.06_17.19.04/logs/cts/15-cts.log}"

Tue Aug 06 17:21:11 +0000 2024 - Executing "openroad -exit /openlane/scripts/openroad/sta/multi_corner.tcl |& tee /dev/null /openlane/designs/picorv32a/runs/RUN_2024.08.06_17.19.04/logs/cts/16-cts_sta.log"

Tue Aug 06 17:21:11 +0000 2024 - Executing "{openroad -exit /openlane/scripts/openroad/sta/multi_corner.tcl |& tee /dev/null /openlane/designs/picorv32a/runs/RUN_2024.08.06_17.19.04/logs/cts/16-cts_sta.log}"

Tue Aug 06 17:21:54 +0000 2024 - Executing "openroad -exit /openlane/scripts/openroad/pdn.tcl |& tee /dev/null /openlane/designs/picorv32a/runs/RUN_2024.08.06_17.19.04/logs/floorplan/17-pdn.log"

Tue Aug 06 17:21:55 +0000 2024 - Executing "{openroad -exit /openlane/scripts/openroad/pdn.tcl |& tee /dev/null /openlane/designs/picorv32a/runs/RUN_2024.08.06_17.19.04/logs/floorplan/17-pdn.log}"

Tue Aug 06 17:50:28 +0000 2024 - Executing "openroad -exit /openlane/scripts/openroad/resizer_routing_design.tcl |& tee /dev/null /openlane/designs/picorv32a/runs/RUN_2024.08.06_17.19.04/logs/routing/18-resizer_design.log"

Tue Aug 06 17:50:28 +0000 2024 - Executing "{openroad -exit /openlane/scripts/openroad/resizer_routing_design.tcl |& tee /dev/null /openlane/designs/picorv32a/runs/RUN_2024.08.06_17.19.04/logs/routing/18-resizer_design.log}"

Tue Aug 06 17:50:53 +0000 2024 - Executing "{sed -i.bak -e {s/\(set ::env(CURRENT_NETLIST)\).*/\1 \/openlane\/designs\/picorv32a\/runs\/RUN_2024.08.06_17.19.04\/tmp\/18-picorv32a.nl.v/} /openlane/designs/picorv32a/runs/RUN_2024.08.06_17.19.04/config.tcl}"

Tue Aug 06 17:50:53 +0000 2024 - Executing "openroad -exit /openlane/scripts/openroad/sta/multi_corner.tcl |& tee /dev/null /openlane/designs/picorv32a/runs/RUN_2024.08.06_17.19.04/logs/routing/19-rsz_design_sta.log"

Tue Aug 06 17:50:53 +0000 2024 - Executing "{openroad -exit /openlane/scripts/openroad/sta/multi_corner.tcl |& tee /dev/null /openlane/designs/picorv32a/runs/RUN_2024.08.06_17.19.04/logs/routing/19-rsz_design_sta.log}"

Tue Aug 06 17:51:01 +0000 2024 - Executing "openroad -exit /openlane/scripts/openroad/resizer_routing_timing.tcl |& tee /dev/null /openlane/designs/picorv32a/runs/RUN_2024.08.06_17.19.04/logs/routing/20-resizer_timing.log"

Tue Aug 06 17:51:01 +0000 2024 - Executing "{openroad -exit /openlane/scripts/openroad/resizer_routing_timing.tcl |& tee /dev/null /openlane/designs/picorv32a/runs/RUN_2024.08.06_17.19.04/logs/routing/20-resizer_timing.log}"

Tue Aug 06 17:51:21 +0000 2024 - Executing "{sed -i.bak -e {s/\(set ::env(CURRENT_NETLIST)\).*/\1 \/openlane\/designs\/picorv32a\/runs\/RUN_2024.08.06_17.19.04\/tmp\/20-picorv32a.nl.v/} /openlane/designs/picorv32a/runs/RUN_2024.08.06_17.19.04/config.tcl}"

Tue Aug 06 17:51:21 +0000 2024 - Executing "openroad -exit /openlane/scripts/openroad/sta/multi_corner.tcl |& tee /dev/null /openlane/designs/picorv32a/runs/RUN_2024.08.06_17.19.04/logs/routing/21-rsz_timing_sta.log"

Tue Aug 06 17:51:21 +0000 2024 - Executing "{openroad -exit /openlane/scripts/openroad/sta/multi_corner.tcl |& tee /dev/null /openlane/designs/picorv32a/runs/RUN_2024.08.06_17.19.04/logs/routing/21-rsz_timing_sta.log}"

Tue Aug 06 17:51:32 +0000 2024 - Executing "openroad -exit /openlane/scripts/openroad/repair_antennas.tcl |& tee /dev/null /openlane/designs/picorv32a/runs/RUN_2024.08.06_17.19.04/logs/routing/22-global.log"

Tue Aug 06 17:51:32 +0000 2024 - Executing "{openroad -exit /openlane/scripts/openroad/repair_antennas.tcl |& tee /dev/null /openlane/designs/picorv32a/runs/RUN_2024.08.06_17.19.04/logs/routing/22-global.log}"

Tue Aug 06 17:51:46 +0000 2024 - Executing "openroad -exit /openlane/scripts/openroad/write_views.tcl |& tee /dev/null /openlane/designs/picorv32a/runs/RUN_2024.08.06_17.19.04/logs/routing/22-global_write_netlist.log"

Tue Aug 06 17:51:46 +0000 2024 - Executing "{openroad -exit /openlane/scripts/openroad/write_views.tcl |& tee /dev/null /openlane/designs/picorv32a/runs/RUN_2024.08.06_17.19.04/logs/routing/22-global_write_netlist.log}"

Tue Aug 06 17:51:47 +0000 2024 - Executing "{sed -i.bak -e {s/\(set ::env(CURRENT_NETLIST)\).*/\1 \/openlane\/designs\/picorv32a\/runs\/RUN_2024.08.06_17.19.04\/tmp\/routing\/global.nl.v/} /openlane/designs/picorv32a/runs/RUN_2024.08.06_17.19.04/config.tcl}"

Tue Aug 06 17:51:47 +0000 2024 - Executing "openroad -exit /openlane/scripts/openroad/sta/multi_corner.tcl |& tee /dev/null /openlane/designs/picorv32a/runs/RUN_2024.08.06_17.19.04/logs/routing/24-grt_sta.log"

Tue Aug 06 17:51:47 +0000 2024 - Executing "{openroad -exit /openlane/scripts/openroad/sta/multi_corner.tcl |& tee /dev/null /openlane/designs/picorv32a/runs/RUN_2024.08.06_17.19.04/logs/routing/24-grt_sta.log}"

Tue Aug 06 17:51:53 +0000 2024 - Executing "openroad -exit /openlane/scripts/openroad/fill.tcl |& tee /dev/null /openlane/designs/picorv32a/runs/RUN_2024.08.06_17.19.04/logs/routing/25-fill.log"

Tue Aug 06 17:51:53 +0000 2024 - Executing "{openroad -exit /openlane/scripts/openroad/fill.tcl |& tee /dev/null /openlane/designs/picorv32a/runs/RUN_2024.08.06_17.19.04/logs/routing/25-fill.log}"

Tue Aug 06 17:51:55 +0000 2024 - Executing "{sed -i.bak -e {s/\(set ::env(CURRENT_NETLIST)\).*/\1 \/openlane\/designs\/picorv32a\/runs\/RUN_2024.08.06_17.19.04\/tmp\/routing\/25-fill.nl.v/} /openlane/designs/picorv32a/runs/RUN_2024.08.06_17.19.04/config.tcl}"

Tue Aug 06 17:51:55 +0000 2024 - Executing "openroad -exit -metrics /openlane/designs/picorv32a/runs/RUN_2024.08.06_17.19.04/reports/routing/26-drt_metrics.json /openlane/scripts/openroad/droute.tcl |& tee /dev/null /openlane/designs/picorv32a/runs/RUN_2024.08.06_17.19.04/logs/routing/26-detailed.log"

Tue Aug 06 17:51:55 +0000 2024 - Executing "{openroad -exit -metrics /openlane/designs/picorv32a/runs/RUN_2024.08.06_17.19.04/reports/routing/26-drt_metrics.json /openlane/scripts/openroad/droute.tcl |& tee /dev/null /openlane/designs/picorv32a/runs/RUN_2024.08.06_17.19.04/logs/routing/26-detailed.log}"

Tue Aug 06 18:04:47 +0000 2024 - Executing "{sed -i.bak -e {s/\(set ::env(CURRENT_NETLIST)\).*/\1 \/openlane\/designs\/picorv32a\/runs\/RUN_2024.08.06_17.19.04\/results\/routing\/picorv32a.nl.v/} /openlane/designs/picorv32a/runs/RUN_2024.08.06_17.19.04/config.tcl}"

Tue Aug 06 18:04:47 +0000 2024 - Executing "{python3 /openlane/scripts/drc_rosetta.py tr to_klayout -o /openlane/designs/picorv32a/runs/RUN_2024.08.06_17.19.04/reports/routing/drt.klayout.xml --design-name picorv32a /openlane/designs/picorv32a/runs/RUN_2024.08.06_17.19.04/reports/routing/drt.drc}"

Tue Aug 06 18:04:47 +0000 2024 - Executing "{openroad -exit -no_init -python /openlane/scripts/odbpy/wire_lengths.py --report-out /openlane/designs/picorv32a/runs/RUN_2024.08.06_17.19.04/reports/routing/27-wire_lengths.csv --input-lef /openlane/designs/picorv32a/runs/RUN_2024.08.06_17.19.04/tmp/merged.nom.lef --output-def /openlane/designs/picorv32a/runs/RUN_2024.08.06_17.19.04/results/routing/picorv32a.def --output /openlane/designs/picorv32a/runs/RUN_2024.08.06_17.19.04/results/routing/picorv32a.odb /openlane/designs/picorv32a/runs/RUN_2024.08.06_17.19.04/results/routing/picorv32a.odb |& tee /dev/null /openlane/designs/picorv32a/runs/RUN_2024.08.06_17.19.04/logs/routing/27-wire_lengths.log}"

