[INFO]: Run Directory: /openlane/designs/picorv32a/runs/RUN_2024.08.06_17.19.04
[WARNING]: SYNTH_MAX_FANOUT is now deprecated; use MAX_FANOUT_CONSTRAINT instead.
[INFO]: Saving runtime environment...
[INFO]: Preparing LEF files for the nom corner...
[INFO]: Preparing LEF files for the min corner...
[INFO]: Preparing LEF files for the max corner...
[WARNING]: PNR_SDC_FILE is not set. It is recommended to write a custom SDC file for the design. Defaulting to BASE_SDC_FILE
[WARNING]: SIGNOFF_SDC_FILE is not set. It is recommended to write a custom SDC file for the design. Defaulting to BASE_SDC_FILE
[INFO]: Running Synthesis (log: designs/picorv32a/runs/RUN_2024.08.06_17.19.04/logs/synthesis/1-synthesis.log)...
[INFO]: Running Single-Corner Static Timing Analysis (log: designs/picorv32a/runs/RUN_2024.08.06_17.19.04/logs/synthesis/2-sta.log)...
[INFO]: Running Initial Floorplanning (log: designs/picorv32a/runs/RUN_2024.08.06_17.19.04/logs/floorplan/3-initial_fp.log)...
[INFO]: Floorplanned with width 681.72 and height 680.0.
[INFO]: Running IO Placement (log: designs/picorv32a/runs/RUN_2024.08.06_17.19.04/logs/floorplan/4-io.log)...
[INFO]: Running Tap/Decap Insertion (log: designs/picorv32a/runs/RUN_2024.08.06_17.19.04/logs/floorplan/5-tap.log)...
[INFO]: Power planning with power {VPWR} and ground {VGND}...
[INFO]: Generating PDN (log: designs/picorv32a/runs/RUN_2024.08.06_17.19.04/logs/floorplan/6-pdn.log)...
[INFO]: Running Global Placement (skip_io) (log: designs/picorv32a/runs/RUN_2024.08.06_17.19.04/logs/placement/6-global_skip_io.log)...
[INFO]: Running Single-Corner Static Timing Analysis (log: designs/picorv32a/runs/RUN_2024.08.06_17.19.04/logs/placement/8-gpl_sta.log)...
[INFO]: Running IO Placement (log: designs/picorv32a/runs/RUN_2024.08.06_17.19.04/logs/placement/9-io.log)...
[INFO]: Running Global Placement (log: designs/picorv32a/runs/RUN_2024.08.06_17.19.04/logs/placement/9-global.log)...
[INFO]: Running Single-Corner Static Timing Analysis (log: designs/picorv32a/runs/RUN_2024.08.06_17.19.04/logs/placement/11-gpl_sta.log)...
[INFO]: Running Placement Resizer Design Optimizations (log: designs/picorv32a/runs/RUN_2024.08.06_17.19.04/logs/placement/12-resizer.log)...
[INFO]: Running Detailed Placement (log: designs/picorv32a/runs/RUN_2024.08.06_17.19.04/logs/placement/13-detailed.log)...
[INFO]: Running Single-Corner Static Timing Analysis (log: designs/picorv32a/runs/RUN_2024.08.06_17.19.04/logs/placement/14-dpl_sta.log)...
[INFO]: Running Clock Tree Synthesis (log: designs/picorv32a/runs/RUN_2024.08.06_17.19.04/logs/cts/15-cts.log)...
[INFO]: Running Single-Corner Static Timing Analysis (log: designs/picorv32a/runs/RUN_2024.08.06_17.19.04/logs/cts/16-cts_sta.log)...
[INFO]: Generating PDN (log: designs/picorv32a/runs/RUN_2024.08.06_17.19.04/logs/floorplan/17-pdn.log)...
[INFO]: Running Global Routing Resizer Design Optimizations (log: designs/picorv32a/runs/RUN_2024.08.06_17.19.04/logs/routing/18-resizer_design.log)...
[INFO]: Running Single-Corner Static Timing Analysis (log: designs/picorv32a/runs/RUN_2024.08.06_17.19.04/logs/routing/19-rsz_design_sta.log)...
[INFO]: Running Global Routing Resizer Timing Optimizations (log: designs/picorv32a/runs/RUN_2024.08.06_17.19.04/logs/routing/20-resizer_timing.log)...
[INFO]: Running Single-Corner Static Timing Analysis (log: designs/picorv32a/runs/RUN_2024.08.06_17.19.04/logs/routing/21-rsz_timing_sta.log)...
[INFO]: Running Global Routing (log: designs/picorv32a/runs/RUN_2024.08.06_17.19.04/logs/routing/22-global.log)...
[INFO]: Writing Verilog (log: designs/picorv32a/runs/RUN_2024.08.06_17.19.04/logs/routing/22-global_write_netlist.log)...
[INFO]: Running Single-Corner Static Timing Analysis (log: designs/picorv32a/runs/RUN_2024.08.06_17.19.04/logs/routing/24-grt_sta.log)...
[INFO]: Running Fill Insertion (log: designs/picorv32a/runs/RUN_2024.08.06_17.19.04/logs/routing/25-fill.log)...
[INFO]: Running Detailed Routing (log: designs/picorv32a/runs/RUN_2024.08.06_17.19.04/logs/routing/26-detailed.log)...
[INFO]: No Magic DRC violations after detailed routing.
[INFO]: Checking Wire Lengths (log: designs/picorv32a/runs/RUN_2024.08.06_17.19.04/logs/routing/27-wire_lengths.log)...
