This file contains any messages produced by compilers while
running configure, to aid debugging if configure makes a mistake.

It was created by open_pdks configure 1.0, which was
generated by GNU Autoconf 2.69.  Invocation command line was

  $ ./configure --enable-sky130-pdk=/home/kunalg123/Desktop/work/tools/openlane_working_dir/pdks/skywater-pdk/libraries --with-sky130-local-path=/home/kunalg123/Desktop/work/tools/openlane_working_dir/pdks

## --------- ##
## Platform. ##
## --------- ##

hostname = 09206bcbb985
uname -m = x86_64
uname -r = 4.15.0-144-generic
uname -s = Linux
uname -v = #148-Ubuntu SMP Sat May 8 02:33:43 UTC 2021

/usr/bin/uname -p = x86_64
/bin/uname -X     = unknown

/bin/arch              = x86_64
/usr/bin/arch -k       = unknown
/usr/convex/getsysinfo = unknown
/usr/bin/hostinfo      = unknown
/bin/machine           = unknown
/usr/bin/oslevel       = unknown
/bin/universe          = unknown

PATH: /openLANE_flow
PATH: /openLANE_flow/scripts
PATH: /build//bin
PATH: /build//bin/Linux-x86_64
PATH: /build//pdn/scripts
PATH: /usr/local/sbin
PATH: /usr/local/bin
PATH: /usr/sbin
PATH: /usr/bin
PATH: /sbin
PATH: /bin


## ----------- ##
## Core tests. ##
## ----------- ##

configure:1827: checking for a Python interpreter with version >= 3.4
configure:1844: python -c import sys # split strings by '.' and convert to numeric. Append some zeros # because we need at least 4 digits for the hex conversion. # map returns an iterator in Python 3.0 and a list in 2.x minver = list(map(int, '3.4'.split('.'))) + [0, 0, 0] minverhex = 0 # xrange is not present in Python 3.0 and range returns an iterator for i in list(range(0, 4)): minverhex = (minverhex << 8) + minver[i] sys.exit(sys.hexversion < minverhex)
configure:1847: $? = 1
configure:1844: python2 -c import sys # split strings by '.' and convert to numeric. Append some zeros # because we need at least 4 digits for the hex conversion. # map returns an iterator in Python 3.0 and a list in 2.x minver = list(map(int, '3.4'.split('.'))) + [0, 0, 0] minverhex = 0 # xrange is not present in Python 3.0 and range returns an iterator for i in list(range(0, 4)): minverhex = (minverhex << 8) + minver[i] sys.exit(sys.hexversion < minverhex)
configure:1847: $? = 1
configure:1844: python3 -c import sys # split strings by '.' and convert to numeric. Append some zeros # because we need at least 4 digits for the hex conversion. # map returns an iterator in Python 3.0 and a list in 2.x minver = list(map(int, '3.4'.split('.'))) + [0, 0, 0] minverhex = 0 # xrange is not present in Python 3.0 and range returns an iterator for i in list(range(0, 4)): minverhex = (minverhex << 8) + minver[i] sys.exit(sys.hexversion < minverhex)
configure:1847: $? = 0
configure:1853: result: python3
configure:1861: checking for python3
configure:1879: found /usr/bin/python3
configure:1891: result: /usr/bin/python3
configure:1909: checking for python3 version
configure:1916: result: 3.6
configure:1928: checking for python3 platform
configure:1935: result: linux
configure:1961: checking for python3 script directory
configure:1996: result: ${prefix}/lib/python3.6/site-packages
configure:2005: checking for python3 extension module directory
configure:2040: result: ${exec_prefix}/lib64/python3.6/site-packages
configure:2064: checking python3 module: distutils
configure:2069: result: yes
configure:2101: Found technology directories: sky130
configure:2142: Checking specified path for 'sky130' at /home/kunalg123/Desktop/work/tools/openlane_working_dir/pdks/skywater-pdk
configure:2145: checking for /home/kunalg123/Desktop/work/tools/openlane_working_dir/pdks/skywater-pdk
configure:2159: result: yes
configure:2163: 'sky130' source path found at /home/kunalg123/Desktop/work/tools/openlane_working_dir/pdks/skywater-pdk
configure:2187: Checking whether local path is specified for 'sky130'
configure:2193: Install path for 'sky130' is /home/kunalg123/Desktop/work/tools/openlane_working_dir/pdks
configure:2208: Checking whether distribution path is specified for 'sky130'
configure:2211: Option --with-sky130-dist-path=<path> not specified.  Local install only.
configure:2227: Link targets set to none
configure:2241: Found tools: klayout magic netgen irsim openlane qflow xschem
configure:2356: checking for magic
configure:2374: found /build//bin/magic
configure:2386: result: /build//bin/magic
configure:2399: checking for patch
configure:2417: found /usr/bin/patch
configure:2429: result: /usr/bin/patch
configure:2474: Package 'sky130_sram_macros' will be installed automatically during make.
configure:2516: Package 'sky130_ml_xx_hd' will be installed automatically during make.
configure:2558: Package 'xschem_sky130' will be installed automatically during make.
configure:2573: Tools enabled for PDK setup installation: klayout magic netgen irsim openlane qflow xschem
configure:2746: creating ./config.status

## ---------------------- ##
## Running config.status. ##
## ---------------------- ##

This file was extended by open_pdks config.status 1.0, which was
generated by GNU Autoconf 2.69.  Invocation command line was

  CONFIG_FILES    = 
  CONFIG_HEADERS  = 
  CONFIG_LINKS    = 
  CONFIG_COMMANDS = 
  $ ./config.status 

on 09206bcbb985

config.status:739: creating ../Makefile
config.status:739: creating ../sky130/Makefile
configure:3752: result: Build configured successfully

## ---------------- ##
## Cache variables. ##
## ---------------- ##

ac_cv_env_PYTHON_set=
ac_cv_env_PYTHON_value=
ac_cv_env_build_alias_set=
ac_cv_env_build_alias_value=
ac_cv_env_host_alias_set=
ac_cv_env_host_alias_value=
ac_cv_env_target_alias_set=
ac_cv_env_target_alias_value=
ac_cv_file__home_kunalg123_Desktop_work_tools_openlane_working_dir_pdks_skywater_pdk=yes
ac_cv_path_MAGIC=/build//bin/magic
ac_cv_path_PATCH=/usr/bin/patch
ac_cv_path_PYTHON=/usr/bin/python3
am_cv_pathless_PYTHON=python3
am_cv_python_platform=linux
am_cv_python_pyexecdir='${exec_prefix}/lib64/python3.6/site-packages'
am_cv_python_pythondir='${prefix}/lib/python3.6/site-packages'
am_cv_python_version=3.6

## ----------------- ##
## Output variables. ##
## ----------------- ##

DEFS='-DPACKAGE_NAME=\"open_pdks\" -DPACKAGE_TARNAME=\"open_pdks\" -DPACKAGE_VERSION=\"1.0\" -DPACKAGE_STRING=\"open_pdks\ 1.0\" -DPACKAGE_BUGREPORT=\"github.com/RTimothyEdwards/open_pdks\" -DPACKAGE_URL=\"\"'
ECHO_C=''
ECHO_N='-n'
ECHO_T=''
EF_STYLE='0'
IRSIM_DISABLED='0'
KLAYOUT_DISABLED='0'
LIBOBJS=''
LIBS=''
LTLIBOBJS=''
MAGIC='/build//bin/magic'
MAGIC_DISABLED='0'
NETGEN_DISABLED='0'
OPENLANE_DISABLED='0'
PACKAGE_BUGREPORT='github.com/RTimothyEdwards/open_pdks'
PACKAGE_NAME='open_pdks'
PACKAGE_STRING='open_pdks 1.0'
PACKAGE_TARNAME='open_pdks'
PACKAGE_URL=''
PACKAGE_VERSION='1.0'
PATCH='/usr/bin/patch'
PATH_SEPARATOR=':'
PYTHON='/usr/bin/python3'
PYTHON_EXEC_PREFIX='${exec_prefix}'
PYTHON_PLATFORM='linux'
PYTHON_PREFIX='${prefix}'
PYTHON_VERSION='3.6'
QFLOW_DISABLED='0'
SHELL='/bin/sh'
SKY130_DIST_PATH=''
SKY130_LINK_TARGETS='none'
SKY130_LOCAL_PATH='/home/kunalg123/Desktop/work/tools/openlane_working_dir/pdks'
SKY130_ML_XX_HD_PATH='../sources/sky130_ml_xx_hd'
SKY130_SOURCE_PATH='/home/kunalg123/Desktop/work/tools/openlane_working_dir/pdks/skywater-pdk'
SKY130_SRAM_MACROS_PATH='../sources/sky130_sram_macros'
XSCHEM_DISABLED='0'
XSCHEM_SKY130_PATH='../sources/xschem_sky130'
bindir='${exec_prefix}/bin'
build_alias=''
datadir='${datarootdir}'
datarootdir='${prefix}/share'
docdir='${datarootdir}/doc/${PACKAGE_TARNAME}'
dvidir='${docdir}'
exec_prefix='${prefix}'
host_alias=''
htmldir='${docdir}'
includedir='${prefix}/include'
infodir='${datarootdir}/info'
libdir='${exec_prefix}/lib'
libexecdir='${exec_prefix}/libexec'
localedir='${datarootdir}/locale'
localstatedir='${prefix}/var'
mandir='${datarootdir}/man'
oldincludedir='/usr/include'
pdfdir='${docdir}'
pkgpyexecdir='${pyexecdir}/'
pkgpythondir='${pythondir}/'
prefix='/usr/share'
program_transform_name='s,x,x,'
psdir='${docdir}'
pyexecdir='${exec_prefix}/lib64/python3.6/site-packages'
pythondir='${prefix}/lib/python3.6/site-packages'
runstatedir='${localstatedir}/run'
sbindir='${exec_prefix}/sbin'
sharedstatedir='${prefix}/com'
sysconfdir='${prefix}/etc'
target_alias=''

## ----------- ##
## confdefs.h. ##
## ----------- ##

/* confdefs.h */
#define PACKAGE_NAME "open_pdks"
#define PACKAGE_TARNAME "open_pdks"
#define PACKAGE_VERSION "1.0"
#define PACKAGE_STRING "open_pdks 1.0"
#define PACKAGE_BUGREPORT "github.com/RTimothyEdwards/open_pdks"
#define PACKAGE_URL ""

configure: exit 0
