OpenROAD b16bda7e82721d10566ff7e2b68f1ff0be9f9e38 
Features included (+) or not (-): +Charts +GPU +GUI +Python
This program is licensed under the BSD-3 license. See the LICENSE file for details.
Components of this program may be licensed under more restrictive licenses which must be honored.
define_corners Typical
read_liberty -corner Typical /Users/akhilvarma/.volare/sky130A/libs.ref/sky130_fd_sc_hd/lib/sky130_fd_sc_hd__tt_025C_1v80.lib
Using 1e-12 for capacitance...
Using 1e+03 for resistance...
Using 1e-09 for time...
Using 1e+00 for voltage...
Using 1e-03 for current...
Using 1e-09 for power...
Using 1e-06 for distance...
[INFO]: Reading ODB at '/openlane/designs/picorv32a/runs/RUN_2024.08.04_10.18.07/tmp/placement/13-io.odb'…
Reading design constraints file at '/openlane/scripts/base.sdc'…
[INFO]: Setting output delay to: 4.946000000000001
[INFO]: Setting input delay to: 4.946000000000001
[INFO]: Setting load to: 0.033442
[INFO]: Setting clock uncertainty to: 0.25
[INFO]: Setting clock transition to: 0.15
[INFO]: Setting timing derate to: 5.0 %
[INFO]: Setting RC values...
[INFO]: Setting signal min routing layer to: met1 and clock min routing layer to met3. 
[INFO]: Setting signal max routing layer to: met5 and clock max routing layer to met5. 
[WARNING GPL-0150] -skip_io will disable timing driven mode.
[WARNING GPL-0151] -skip_io will disable routability driven mode.
[INFO GPL-0002] DBU: 1000
[INFO GPL-0003] SiteSize: (  0.460  2.720 ) um
[INFO GPL-0004] CoreBBox: (  5.520 10.880 ) ( 687.240 690.880 ) um
[INFO GPL-0006] NumInstances:             23610
[INFO GPL-0007] NumPlaceInstances:        16558
[INFO GPL-0008] NumFixedInstances:         7052
[INFO GPL-0009] NumDummyInstances:            0
[INFO GPL-0010] NumNets:                  16660
[INFO GPL-0011] NumPins:                  56756
[INFO GPL-0012] DieBBox:  (  0.000  0.000 ) ( 692.760 703.480 ) um
[INFO GPL-0013] CoreBBox: (  5.520 10.880 ) ( 687.240 690.880 ) um
[INFO GPL-0016] CoreArea:            463569.600 um^2
[INFO GPL-0017] NonPlaceInstsArea:    10074.662 um^2
[INFO GPL-0018] PlaceInstsArea:      162661.005 um^2
[INFO GPL-0019] Util:                    35.868 %
[INFO GPL-0020] StdInstsArea:        162661.005 um^2
[INFO GPL-0021] MacroInstsArea:           0.000 um^2
[INFO GPL-0031] FillerInit:NumGCells:     18526
[INFO GPL-0032] FillerInit:NumGNets:      16660
[INFO GPL-0033] FillerInit:NumGPins:      56756
[INFO GPL-0023] TargetDensity:            0.400
[INFO GPL-0024] AvrgPlaceInstArea:        9.824 um^2
[INFO GPL-0025] IdealBinArea:            24.559 um^2
[INFO GPL-0026] IdealBinCnt:              18875
[INFO GPL-0027] TotalBinArea:        463569.600 um^2
[INFO GPL-0028] BinCnt:       128    128
[INFO GPL-0029] BinSize: (  5.326  5.313 )
[INFO GPL-0030] NumBins: 16384
[NesterovSolve] Iter:    1 overflow: 0.999 HPWL: 41916286
[NesterovSolve] Iter:   10 overflow: 0.999 HPWL: 29013278
[NesterovSolve] Iter:   20 overflow: 0.999 HPWL: 28681854
[NesterovSolve] Iter:   30 overflow: 0.999 HPWL: 28596652
[NesterovSolve] Iter:   40 overflow: 0.999 HPWL: 28569369
[NesterovSolve] Iter:   50 overflow: 0.999 HPWL: 28552468
[NesterovSolve] Iter:   60 overflow: 0.999 HPWL: 28543505
[NesterovSolve] Iter:   70 overflow: 0.999 HPWL: 28540885
[NesterovSolve] Iter:   80 overflow: 0.999 HPWL: 28550805
[NesterovSolve] Iter:   90 overflow: 0.999 HPWL: 28593734
[NesterovSolve] Iter:  100 overflow: 0.999 HPWL: 28743803
[NesterovSolve] Iter:  110 overflow: 0.998 HPWL: 29265359
[NesterovSolve] Iter:  120 overflow: 0.997 HPWL: 31001187
[NesterovSolve] Iter:  130 overflow: 0.996 HPWL: 35383585
[NesterovSolve] Iter:  140 overflow: 0.994 HPWL: 41915661
[NesterovSolve] Iter:  150 overflow: 0.993 HPWL: 49977542
[NesterovSolve] Iter:  160 overflow: 0.990 HPWL: 60394624
[NesterovSolve] Iter:  170 overflow: 0.986 HPWL: 73777046
[NesterovSolve] Iter:  180 overflow: 0.980 HPWL: 90995582
[NesterovSolve] Iter:  190 overflow: 0.971 HPWL: 112099835
[NesterovSolve] Iter:  200 overflow: 0.959 HPWL: 136488373
[NesterovSolve] Iter:  210 overflow: 0.944 HPWL: 165053014
[NesterovSolve] Iter:  220 overflow: 0.923 HPWL: 197328074
[NesterovSolve] Iter:  230 overflow: 0.899 HPWL: 232127662
[NesterovSolve] Iter:  240 overflow: 0.870 HPWL: 268141164
[NesterovSolve] Iter:  250 overflow: 0.838 HPWL: 304528359
[NesterovSolve] Iter:  260 overflow: 0.801 HPWL: 340694965
[NesterovSolve] Iter:  270 overflow: 0.763 HPWL: 376181685
[NesterovSolve] Iter:  280 overflow: 0.721 HPWL: 413604327
[NesterovSolve] Iter:  290 overflow: 0.676 HPWL: 450434500
[NesterovSolve] Iter:  300 overflow: 0.629 HPWL: 483654762
[NesterovSolve] Iter:  310 overflow: 0.582 HPWL: 515324251
[NesterovSolve] Iter:  320 overflow: 0.529 HPWL: 549302651
[NesterovSolve] Iter:  330 overflow: 0.472 HPWL: 578193619
[NesterovSolve] Iter:  340 overflow: 0.424 HPWL: 600235796
[NesterovSolve] Iter:  350 overflow: 0.382 HPWL: 618368223
[NesterovSolve] Iter:  360 overflow: 0.344 HPWL: 629456464
[NesterovSolve] Iter:  370 overflow: 0.317 HPWL: 635801496
[NesterovSolve] Iter:  380 overflow: 0.289 HPWL: 639550960
[NesterovSolve] Iter:  390 overflow: 0.263 HPWL: 642663805
[NesterovSolve] Iter:  400 overflow: 0.239 HPWL: 644421182
[NesterovSolve] Iter:  410 overflow: 0.217 HPWL: 645745910
[NesterovSolve] Iter:  420 overflow: 0.194 HPWL: 646996445
[NesterovSolve] Iter:  430 overflow: 0.173 HPWL: 647972316
[NesterovSolve] Iter:  440 overflow: 0.154 HPWL: 649091800
[NesterovSolve] Iter:  450 overflow: 0.137 HPWL: 650185667
[NesterovSolve] Iter:  460 overflow: 0.121 HPWL: 651383971
[NesterovSolve] Iter:  470 overflow: 0.105 HPWL: 652655087
[NesterovSolve] Finished with Overflow: 0.099847
Setting global connections for newly added cells…
Writing OpenROAD database to '/openlane/designs/picorv32a/runs/RUN_2024.08.04_10.18.07/tmp/placement/14-global.odb'…
Writing netlist to '/openlane/designs/picorv32a/runs/RUN_2024.08.04_10.18.07/tmp/placement/14-global.nl.v'…
Writing powered netlist to '/openlane/designs/picorv32a/runs/RUN_2024.08.04_10.18.07/tmp/placement/14-global.pnl.v'…
Writing layout to '/openlane/designs/picorv32a/runs/RUN_2024.08.04_10.18.07/tmp/placement/14-global.def'…
