
63. Printing statistics.

=== picorv32a ===

   Number of wires:              16278
   Number of wire bits:          16660
   Number of public wires:        1475
   Number of public wire bits:    1857
   Number of memories:               0
   Number of memory bits:            0
   Number of processes:              0
   Number of cells:              16558
     sky130_fd_sc_hd__a2111o_2      22
     sky130_fd_sc_hd__a211o_2      256
     sky130_fd_sc_hd__a211oi_2     138
     sky130_fd_sc_hd__a21bo_2      134
     sky130_fd_sc_hd__a21boi_2      39
     sky130_fd_sc_hd__a21o_2       445
     sky130_fd_sc_hd__a21oi_2      550
     sky130_fd_sc_hd__a221o_2      183
     sky130_fd_sc_hd__a221oi_2       7
     sky130_fd_sc_hd__a22o_2       388
     sky130_fd_sc_hd__a22oi_2      221
     sky130_fd_sc_hd__a2bb2o_2      27
     sky130_fd_sc_hd__a311o_2       15
     sky130_fd_sc_hd__a311oi_2       1
     sky130_fd_sc_hd__a31o_2       223
     sky130_fd_sc_hd__a31oi_2        4
     sky130_fd_sc_hd__a32o_2        57
     sky130_fd_sc_hd__a32oi_2        1
     sky130_fd_sc_hd__a41o_2         1
     sky130_fd_sc_hd__and2_2       361
     sky130_fd_sc_hd__and2b_2      288
     sky130_fd_sc_hd__and3_2       340
     sky130_fd_sc_hd__and3b_2       57
     sky130_fd_sc_hd__and4_2       296
     sky130_fd_sc_hd__and4b_2        7
     sky130_fd_sc_hd__and4bb_2      26
     sky130_fd_sc_hd__buf_1       2996
     sky130_fd_sc_hd__buf_2          8
     sky130_fd_sc_hd__conb_1        41
     sky130_fd_sc_hd__dfxtp_2     1613
     sky130_fd_sc_hd__inv_2        187
     sky130_fd_sc_hd__mux2_2      1479
     sky130_fd_sc_hd__mux4_2        33
     sky130_fd_sc_hd__nand2_2      946
     sky130_fd_sc_hd__nand2b_2       3
     sky130_fd_sc_hd__nand3_2      175
     sky130_fd_sc_hd__nand3b_2      27
     sky130_fd_sc_hd__nand4_2       88
     sky130_fd_sc_hd__nand4b_2       1
     sky130_fd_sc_hd__nor2_2       853
     sky130_fd_sc_hd__nor3_2        80
     sky130_fd_sc_hd__nor3b_2        7
     sky130_fd_sc_hd__nor4_2        24
     sky130_fd_sc_hd__o2111a_2       3
     sky130_fd_sc_hd__o2111ai_2      2
     sky130_fd_sc_hd__o211a_2      328
     sky130_fd_sc_hd__o211ai_2      73
     sky130_fd_sc_hd__o21a_2       273
     sky130_fd_sc_hd__o21ai_2      280
     sky130_fd_sc_hd__o21ba_2      168
     sky130_fd_sc_hd__o21bai_2      44
     sky130_fd_sc_hd__o221a_2       40
     sky130_fd_sc_hd__o221ai_2       2
     sky130_fd_sc_hd__o22a_2        96
     sky130_fd_sc_hd__o22ai_2        5
     sky130_fd_sc_hd__o2bb2a_2      28
     sky130_fd_sc_hd__o2bb2ai_2      2
     sky130_fd_sc_hd__o311a_2       38
     sky130_fd_sc_hd__o311ai_2       2
     sky130_fd_sc_hd__o31a_2        15
     sky130_fd_sc_hd__o31ai_2        7
     sky130_fd_sc_hd__o32a_2        15
     sky130_fd_sc_hd__o32ai_2        1
     sky130_fd_sc_hd__o41a_2         2
     sky130_fd_sc_hd__o41ai_2        1
     sky130_fd_sc_hd__or2_2        587
     sky130_fd_sc_hd__or2b_2       200
     sky130_fd_sc_hd__or3_2        194
     sky130_fd_sc_hd__or3b_2        38
     sky130_fd_sc_hd__or4_2         72
     sky130_fd_sc_hd__or4b_2        17
     sky130_fd_sc_hd__or4bb_2       15
     sky130_fd_sc_hd__xnor2_2     1055
     sky130_fd_sc_hd__xor2_2       307

   Chip area for module '\picorv32a': 162661.004800

