Sun Aug 04 10:18:07 +0000 2024 - Executing "{openroad -exit -no_init -python /openlane/scripts/odbpy/lefutil.py get_metal_layers -o /openlane/designs/picorv32a/runs/RUN_2024.08.04_10.18.07/tmp/layers.list /Users/akhilvarma/.volare/sky130A/libs.ref/sky130_fd_sc_hd/techlef/sky130_fd_sc_hd__nom.tlef}"

Sun Aug 04 10:18:08 +0000 2024 - Executing "{/openlane/scripts/mergeLef.py -o /openlane/designs/picorv32a/runs/RUN_2024.08.04_10.18.07/tmp/merged.nom.lef -i /Users/akhilvarma/.volare/sky130A/libs.ref/sky130_fd_sc_hd/techlef/sky130_fd_sc_hd__nom.tlef {/Users/akhilvarma/.volare/sky130A/libs.ref/sky130_fd_sc_hd/lef/sky130_ef_sc_hd.lef /Users/akhilvarma/.volare/sky130A/libs.ref/sky130_fd_sc_hd/lef/sky130_fd_sc_hd.lef} |& tee /dev/null}"

Sun Aug 04 10:18:08 +0000 2024 - Executing "{/openlane/scripts/mergeLef.py -o /openlane/designs/picorv32a/runs/RUN_2024.08.04_10.18.07/tmp/merged.min.lef -i /Users/akhilvarma/.volare/sky130A/libs.ref/sky130_fd_sc_hd/techlef/sky130_fd_sc_hd__min.tlef {/Users/akhilvarma/.volare/sky130A/libs.ref/sky130_fd_sc_hd/lef/sky130_ef_sc_hd.lef /Users/akhilvarma/.volare/sky130A/libs.ref/sky130_fd_sc_hd/lef/sky130_fd_sc_hd.lef} |& tee /dev/null}"

Sun Aug 04 10:18:08 +0000 2024 - Executing "{/openlane/scripts/mergeLef.py -o /openlane/designs/picorv32a/runs/RUN_2024.08.04_10.18.07/tmp/merged.max.lef -i /Users/akhilvarma/.volare/sky130A/libs.ref/sky130_fd_sc_hd/techlef/sky130_fd_sc_hd__max.tlef {/Users/akhilvarma/.volare/sky130A/libs.ref/sky130_fd_sc_hd/lef/sky130_ef_sc_hd.lef /Users/akhilvarma/.volare/sky130A/libs.ref/sky130_fd_sc_hd/lef/sky130_fd_sc_hd.lef} |& tee /dev/null}"

Sun Aug 04 10:18:08 +0000 2024 - Executing "{python3 /openlane/scripts/mergeLib.py --output /openlane/designs/picorv32a/runs/RUN_2024.08.04_10.18.07/tmp/synthesis/merged.lib --name sky130A_merged /Users/akhilvarma/.volare/sky130A/libs.ref/sky130_fd_sc_hd/lib/sky130_fd_sc_hd__tt_025C_1v80.lib}"

Sun Aug 04 10:18:08 +0000 2024 - Executing "{python3 /openlane/scripts/libtrim.py --cell-file /openlane/designs/picorv32a/runs/RUN_2024.08.04_10.18.07/tmp/synthesis/trimmed.lib.exclude.list --output /openlane/designs/picorv32a/runs/RUN_2024.08.04_10.18.07/tmp/synthesis/trimmed.lib /openlane/designs/picorv32a/runs/RUN_2024.08.04_10.18.07/tmp/synthesis/merged.lib}"

Sun Aug 04 10:18:08 +0000 2024 - Executing "{python3 /openlane/scripts/libtrim.py --cell-file /openlane/designs/picorv32a/runs/RUN_2024.08.04_10.18.07/tmp/cts/cts.lib.exclude.list --output /openlane/designs/picorv32a/runs/RUN_2024.08.04_10.18.07/tmp/cts/cts.lib /Users/akhilvarma/.volare/sky130A/libs.ref/sky130_fd_sc_hd/lib/sky130_fd_sc_hd__tt_025C_1v80.lib}"

Sun Aug 04 10:18:08 +0000 2024 - Executing "{python3 /openlane/scripts/libtrim.py --cell-file /openlane/designs/picorv32a/runs/RUN_2024.08.04_10.18.07/tmp/cts/cts-fastest.lib.exclude.list --output /openlane/designs/picorv32a/runs/RUN_2024.08.04_10.18.07/tmp/cts/cts-fastest.lib /Users/akhilvarma/.volare/sky130A/libs.ref/sky130_fd_sc_hd/lib/sky130_fd_sc_hd__ff_n40C_1v95.lib}"

Sun Aug 04 10:18:09 +0000 2024 - Executing "{python3 /openlane/scripts/libtrim.py --cell-file /openlane/designs/picorv32a/runs/RUN_2024.08.04_10.18.07/tmp/cts/cts-slowest.lib.exclude.list --output /openlane/designs/picorv32a/runs/RUN_2024.08.04_10.18.07/tmp/cts/cts-slowest.lib /Users/akhilvarma/.volare/sky130A/libs.ref/sky130_fd_sc_hd/lib/sky130_fd_sc_hd__ss_100C_1v60.lib}"

Sun Aug 04 10:18:10 +0000 2024 - Executing "{python3 /openlane/scripts/new_tracks.py -i /Users/akhilvarma/.volare/sky130A/libs.tech/openlane/sky130_fd_sc_hd/tracks.info -o /openlane/designs/picorv32a/runs/RUN_2024.08.04_10.18.07/tmp/routing/config.tracks}"

Sun Aug 04 10:18:10 +0000 2024 - Executing "{echo {OpenLane cdf98f3571ef892d091b6825c5d473bcfbf6e167} > /openlane/designs/picorv32a/runs/RUN_2024.08.04_10.18.07/OPENLANE_VERSION}"

Sun Aug 04 10:25:23 +0000 2024 - Executing "{sed -E {s/^([[:space:]]+)pg_pin(.*)/\1pin\2\n\1    direction : "inout";/g} /Users/akhilvarma/.volare/sky130A/libs.ref/sky130_fd_sc_hd/lib/sky130_fd_sc_hd__tt_025C_1v80.lib > /openlane/designs/picorv32a/runs/RUN_2024.08.04_10.18.07/tmp/synthesis/1-sky130_fd_sc_hd__tt_025C_1v80.no_pg.lib}"

Sun Aug 04 10:25:23 +0000 2024 - Executing "{sed -E {s/^([[:space:]]+)pg_pin(.*)/\1pin\2\n\1    direction : "inout";/g} /openlane/designs/picorv32a/runs/RUN_2024.08.04_10.18.07/tmp/synthesis/trimmed.lib > /openlane/designs/picorv32a/runs/RUN_2024.08.04_10.18.07/tmp/synthesis/1-trimmed.no_pg.lib}"

Sun Aug 04 10:25:23 +0000 2024 - Executing "yosys -c /openlane/scripts/yosys/synth.tcl |& tee /dev/null /openlane/designs/picorv32a/runs/RUN_2024.08.04_10.18.07/logs/synthesis/1-synthesis.log"

Sun Aug 04 10:25:23 +0000 2024 - Executing "{yosys -c /openlane/scripts/yosys/synth.tcl |& tee /dev/null /openlane/designs/picorv32a/runs/RUN_2024.08.04_10.18.07/logs/synthesis/1-synthesis.log}"

Sun Aug 04 10:25:42 +0000 2024 - Executing "{sed -i.bak -e {s/\(set ::env(CURRENT_NETLIST)\).*/\1 \/openlane\/designs\/picorv32a\/runs\/RUN_2024.08.04_10.18.07\/results\/synthesis\/picorv32a.v/} /openlane/designs/picorv32a/runs/RUN_2024.08.04_10.18.07/config.tcl}"

Sun Aug 04 10:25:42 +0000 2024 - Executing "{sed -i.bak /defparam/d /openlane/designs/picorv32a/runs/RUN_2024.08.04_10.18.07/results/synthesis/picorv32a.v}"

Sun Aug 04 10:25:42 +0000 2024 - Executing "sta -exit -no_init /openlane/scripts/openroad/sta/multi_corner.tcl |& tee /dev/null /openlane/designs/picorv32a/runs/RUN_2024.08.04_10.18.07/logs/synthesis/2-sta.log"

Sun Aug 04 10:25:42 +0000 2024 - Executing "{sta -exit -no_init /openlane/scripts/openroad/sta/multi_corner.tcl |& tee /dev/null /openlane/designs/picorv32a/runs/RUN_2024.08.04_10.18.07/logs/synthesis/2-sta.log}"

Sun Aug 04 12:35:51 +0000 2024 - Executing "openroad -exit /openlane/scripts/openroad/floorplan.tcl |& tee /dev/null /openlane/designs/picorv32a/runs/RUN_2024.08.04_10.18.07/logs/floorplan/3-initial_fp.log"

Sun Aug 04 12:35:51 +0000 2024 - Executing "{openroad -exit /openlane/scripts/openroad/floorplan.tcl |& tee /dev/null /openlane/designs/picorv32a/runs/RUN_2024.08.04_10.18.07/logs/floorplan/3-initial_fp.log}"

Sun Aug 04 12:35:52 +0000 2024 - Executing "{openroad -exit -no_init -python /openlane/scripts/odbpy/defutil.py extract_core_dims --output-data /openlane/designs/picorv32a/runs/RUN_2024.08.04_10.18.07/tmp/dimensions.txt --input-lef /openlane/designs/picorv32a/runs/RUN_2024.08.04_10.18.07/tmp/merged.nom.lef /openlane/designs/picorv32a/runs/RUN_2024.08.04_10.18.07/tmp/floorplan/3-initial_fp.def}"

Sun Aug 04 12:35:52 +0000 2024 - Executing "openroad -exit /openlane/scripts/openroad/ioplacer.tcl |& tee /dev/null /openlane/designs/picorv32a/runs/RUN_2024.08.04_10.18.07/logs/floorplan/4-io.log"

Sun Aug 04 12:35:52 +0000 2024 - Executing "{openroad -exit /openlane/scripts/openroad/ioplacer.tcl |& tee /dev/null /openlane/designs/picorv32a/runs/RUN_2024.08.04_10.18.07/logs/floorplan/4-io.log}"

Sun Aug 04 12:35:53 +0000 2024 - Executing "openroad -exit /openlane/scripts/openroad/tapcell.tcl |& tee /dev/null /openlane/designs/picorv32a/runs/RUN_2024.08.04_10.18.07/logs/floorplan/5-tap.log"

Sun Aug 04 12:35:53 +0000 2024 - Executing "{openroad -exit /openlane/scripts/openroad/tapcell.tcl |& tee /dev/null /openlane/designs/picorv32a/runs/RUN_2024.08.04_10.18.07/logs/floorplan/5-tap.log}"

Sun Aug 04 12:35:53 +0000 2024 - Executing "openroad -exit /openlane/scripts/openroad/pdn.tcl |& tee /dev/null /openlane/designs/picorv32a/runs/RUN_2024.08.04_10.18.07/logs/floorplan/6-pdn.log"

Sun Aug 04 12:35:53 +0000 2024 - Executing "{openroad -exit /openlane/scripts/openroad/pdn.tcl |& tee /dev/null /openlane/designs/picorv32a/runs/RUN_2024.08.04_10.18.07/logs/floorplan/6-pdn.log}"

Sun Aug 04 12:45:58 +0000 2024 - Executing "openroad -exit /openlane/scripts/openroad/floorplan.tcl |& tee /dev/null /openlane/designs/picorv32a/runs/RUN_2024.08.04_10.18.07/logs/floorplan/7-initial_fp.log"

Sun Aug 04 12:45:58 +0000 2024 - Executing "{openroad -exit /openlane/scripts/openroad/floorplan.tcl |& tee /dev/null /openlane/designs/picorv32a/runs/RUN_2024.08.04_10.18.07/logs/floorplan/7-initial_fp.log}"

Sun Aug 04 12:45:58 +0000 2024 - Executing "{openroad -exit -no_init -python /openlane/scripts/odbpy/defutil.py extract_core_dims --output-data /openlane/designs/picorv32a/runs/RUN_2024.08.04_10.18.07/tmp/dimensions.txt --input-lef /openlane/designs/picorv32a/runs/RUN_2024.08.04_10.18.07/tmp/merged.nom.lef /openlane/designs/picorv32a/runs/RUN_2024.08.04_10.18.07/tmp/floorplan/7-initial_fp.def}"

Sun Aug 04 12:45:59 +0000 2024 - Executing "openroad -exit /openlane/scripts/openroad/ioplacer.tcl |& tee /dev/null /openlane/designs/picorv32a/runs/RUN_2024.08.04_10.18.07/logs/floorplan/8-io.log"

Sun Aug 04 12:45:59 +0000 2024 - Executing "{openroad -exit /openlane/scripts/openroad/ioplacer.tcl |& tee /dev/null /openlane/designs/picorv32a/runs/RUN_2024.08.04_10.18.07/logs/floorplan/8-io.log}"

Sun Aug 04 12:46:00 +0000 2024 - Executing "openroad -exit /openlane/scripts/openroad/tapcell.tcl |& tee /dev/null /openlane/designs/picorv32a/runs/RUN_2024.08.04_10.18.07/logs/floorplan/9-tap.log"

Sun Aug 04 12:46:00 +0000 2024 - Executing "{openroad -exit /openlane/scripts/openroad/tapcell.tcl |& tee /dev/null /openlane/designs/picorv32a/runs/RUN_2024.08.04_10.18.07/logs/floorplan/9-tap.log}"

Sun Aug 04 12:46:00 +0000 2024 - Executing "openroad -exit /openlane/scripts/openroad/pdn.tcl |& tee /dev/null /openlane/designs/picorv32a/runs/RUN_2024.08.04_10.18.07/logs/floorplan/10-pdn.log"

Sun Aug 04 12:46:00 +0000 2024 - Executing "{openroad -exit /openlane/scripts/openroad/pdn.tcl |& tee /dev/null /openlane/designs/picorv32a/runs/RUN_2024.08.04_10.18.07/logs/floorplan/10-pdn.log}"

